This is pdfTeX, Version 3.141592653-2.6-1.40.25 (TeX Live 2023) (preloaded format=pdflatex 2023.9.22)  9 OCT 2023 18:48
entering extended mode
 restricted \write18 enabled.
 file:line:error style messages enabled.
 %&-line parsing enabled.
**"c:/Users/anton/OneDrive/Skrivebord/Python/Master UiO/FYS5190/notes.tex"
(c:/Users/anton/OneDrive/Skrivebord/Python/Master UiO/FYS5190/notes.tex
LaTeX2e <2023-06-01> patch level 1
L3 programming layer <2023-08-29>
(c:/texlive/2023/texmf-dist/tex/latex/base/book.cls
Document Class: book 2023/05/17 v1.4n Standard LaTeX document class
(c:/texlive/2023/texmf-dist/tex/latex/base/bk11.clo
File: bk11.clo 2023/05/17 v1.4n Standard LaTeX file (size option)
)
\c@part=\count185
\c@chapter=\count186
\c@section=\count187
\c@subsection=\count188
\c@subsubsection=\count189
\c@paragraph=\count190
\c@subparagraph=\count191
\c@figure=\count192
\c@table=\count193
\abovecaptionskip=\skip48
\belowcaptionskip=\skip49
\bibindent=\dimen140
) (c:/texlive/2023/texmf-dist/tex/latex/subfiles/subfiles.sty
Package: subfiles 2020/11/14 v2.2 Multi-file projects (package)
 (c:/texlive/2023/texmf-dist/tex/latex/import/import.sty
Package: import 2020/04/01  v 6.2
)) (c:/texlive/2023/texmf-dist/tex/latex/carlisle/slashed.sty
Package: slashed 1997/01/16 v0.01 Feynman Slashed Character Notation (DPC)
) (c:/texlive/2023/texmf-dist/tex/latex/amsmath/amsmath.sty
Package: amsmath 2023/05/13 v2.17o AMS math features
\@mathmargin=\skip50

For additional information on amsmath, use the `?' option.
(c:/texlive/2023/texmf-dist/tex/latex/amsmath/amstext.sty
Package: amstext 2021/08/26 v2.01 AMS text
 (c:/texlive/2023/texmf-dist/tex/latex/amsmath/amsgen.sty
File: amsgen.sty 1999/11/30 v2.0 generic functions
\@emptytoks=\toks17
\ex@=\dimen141
)) (c:/texlive/2023/texmf-dist/tex/latex/amsmath/amsbsy.sty
Package: amsbsy 1999/11/29 v1.2d Bold Symbols
\pmbraise@=\dimen142
) (c:/texlive/2023/texmf-dist/tex/latex/amsmath/amsopn.sty
Package: amsopn 2022/04/08 v2.04 operator names
)
\inf@bad=\count194
LaTeX Info: Redefining \frac on input line 234.
\uproot@=\count195
\leftroot@=\count196
LaTeX Info: Redefining \overline on input line 399.
LaTeX Info: Redefining \colon on input line 410.
\classnum@=\count197
\DOTSCASE@=\count198
LaTeX Info: Redefining \ldots on input line 496.
LaTeX Info: Redefining \dots on input line 499.
LaTeX Info: Redefining \cdots on input line 620.
\Mathstrutbox@=\box51
\strutbox@=\box52
LaTeX Info: Redefining \big on input line 722.
LaTeX Info: Redefining \Big on input line 723.
LaTeX Info: Redefining \bigg on input line 724.
LaTeX Info: Redefining \Bigg on input line 725.
\big@size=\dimen143
LaTeX Font Info:    Redeclaring font encoding OML on input line 743.
LaTeX Font Info:    Redeclaring font encoding OMS on input line 744.
\macc@depth=\count199
LaTeX Info: Redefining \bmod on input line 905.
LaTeX Info: Redefining \pmod on input line 910.
LaTeX Info: Redefining \smash on input line 940.
LaTeX Info: Redefining \relbar on input line 970.
LaTeX Info: Redefining \Relbar on input line 971.
\c@MaxMatrixCols=\count266
\dotsspace@=\muskip16
\c@parentequation=\count267
\dspbrk@lvl=\count268
\tag@help=\toks18
\row@=\count269
\column@=\count270
\maxfields@=\count271
\andhelp@=\toks19
\eqnshift@=\dimen144
\alignsep@=\dimen145
\tagshift@=\dimen146
\tagwidth@=\dimen147
\totwidth@=\dimen148
\lineht@=\dimen149
\@envbody=\toks20
\multlinegap=\skip51
\multlinetaggap=\skip52
\mathdisplay@stack=\toks21
LaTeX Info: Redefining \[ on input line 2953.
LaTeX Info: Redefining \] on input line 2954.
) (c:/texlive/2023/texmf-dist/tex/latex/amsfonts/amssymb.sty
Package: amssymb 2013/01/14 v3.01 AMS font symbols
 (c:/texlive/2023/texmf-dist/tex/latex/amsfonts/amsfonts.sty
Package: amsfonts 2013/01/14 v3.01 Basic AMSFonts support
\symAMSa=\mathgroup4
\symAMSb=\mathgroup5
LaTeX Font Info:    Redeclaring math symbol \hbar on input line 98.
LaTeX Font Info:    Overwriting math alphabet `\mathfrak' in version `bold'
(Font)                  U/euf/m/n --> U/euf/b/n on input line 106.
)) (c:/texlive/2023/texmf-dist/tex/latex/base/textcomp.sty
Package: textcomp 2020/02/02 v2.0n Standard LaTeX package
) (c:/texlive/2023/texmf-dist/tex/latex/base/inputenc.sty
Package: inputenc 2021/02/14 v1.3d Input encoding file
\inpenc@prehook=\toks22
\inpenc@posthook=\toks23
) (c:/texlive/2023/texmf-dist/tex/latex/mathalpha/mathalpha.sty
Package: mathalpha 2021/11/18 - 1.143mathalpha (License LPPL) Michael Sharpe
 `mathalpha' v1.143, 2021/11/18, a renaming of mathalfa (msharpe) (c:/texlive/2023/texmf-dist/tex/latex/xkeyval/xkeyval.sty
Package: xkeyval 2022/06/16 v2.9 package option processing (HA)
 (c:/texlive/2023/texmf-dist/tex/generic/xkeyval/xkeyval.tex (c:/texlive/2023/texmf-dist/tex/generic/xkeyval/xkvutils.tex
\XKV@toks=\toks24
\XKV@tempa@toks=\toks25
 (c:/texlive/2023/texmf-dist/tex/generic/xkeyval/keyval.tex))
\XKV@depth=\count272
File: xkeyval.tex 2014/12/03 v2.7a key=value parser (HA)
)) (c:/texlive/2023/texmf-dist/tex/latex/dsserif/dsserif.sty
Package: dsserif 2021/10/29 v1.031 U/dsserif
LaTeX Font Info:    Overwriting math alphabet `\mathbb' in version `bold'
(Font)                  U/DSSerif/m/n --> U/DSSerif/b/n on input line 51.
)) (c:/texlive/2023/texmf-dist/tex/latex/a4wide/a4wide.sty
Package: a4wide 1994/08/30
 (c:/texlive/2023/texmf-dist/tex/latex/ntgclass/a4.sty
Package: a4 2023/01/10 v1.2g A4 based page layout
)) (c:/texlive/2023/texmf-dist/tex/latex/caption/caption.sty
Package: caption 2023/07/31 v3.6n Customizing captions (AR)
 (c:/texlive/2023/texmf-dist/tex/latex/caption/caption3.sty
Package: caption3 2023/07/31 v2.4d caption3 kernel (AR)
\caption@tempdima=\dimen150
\captionmargin=\dimen151
\caption@leftmargin=\dimen152
\caption@rightmargin=\dimen153
\caption@width=\dimen154
\caption@indent=\dimen155
\caption@parindent=\dimen156
\caption@hangindent=\dimen157
Package caption Info: Standard document class detected.
)
\c@caption@flags=\count273
\c@continuedfloat=\count274
) (c:/texlive/2023/texmf-dist/tex/latex/graphics/color.sty
Package: color 2022/01/06 v1.3d Standard LaTeX Color (DPC)
 (c:/texlive/2023/texmf-dist/tex/latex/graphics-cfg/color.cfg
File: color.cfg 2016/01/02 v1.6 sample color configuration
)
Package color Info: Driver file: pdftex.def on input line 149.
 (c:/texlive/2023/texmf-dist/tex/latex/graphics-def/pdftex.def
File: pdftex.def 2022/09/22 v1.2b Graphics/color driver for pdftex
) (c:/texlive/2023/texmf-dist/tex/latex/graphics/mathcolor.ltx)) (c:/texlive/2023/texmf-dist/tex/latex/tools/enumerate.sty
Package: enumerate 2015/07/23 v3.00 enumerate extensions (DPC)
\@enLab=\toks26
) (c:/texlive/2023/texmf-dist/tex/latex/graphics/graphicx.sty
Package: graphicx 2021/09/16 v1.2d Enhanced LaTeX Graphics (DPC,SPQR)
 (c:/texlive/2023/texmf-dist/tex/latex/graphics/graphics.sty
Package: graphics 2022/03/10 v1.4e Standard LaTeX Graphics (DPC,SPQR)
 (c:/texlive/2023/texmf-dist/tex/latex/graphics/trig.sty
Package: trig 2021/08/11 v1.11 sin cos tan (DPC)
) (c:/texlive/2023/texmf-dist/tex/latex/graphics-cfg/graphics.cfg
File: graphics.cfg 2016/06/04 v1.11 sample graphics configuration
)
Package graphics Info: Driver file: pdftex.def on input line 107.
)
\Gin@req@height=\dimen158
\Gin@req@width=\dimen159
) (c:/texlive/2023/texmf-dist/tex/latex/hyperref/hyperref.sty
Package: hyperref 2023-07-08 v7.01b Hypertext links for LaTeX
 (c:/texlive/2023/texmf-dist/tex/generic/ltxcmds/ltxcmds.sty
Package: ltxcmds 2020-05-10 v1.25 LaTeX kernel commands for general use (HO)
) (c:/texlive/2023/texmf-dist/tex/generic/iftex/iftex.sty
Package: iftex 2022/02/03 v1.0f TeX engine tests
) (c:/texlive/2023/texmf-dist/tex/generic/pdftexcmds/pdftexcmds.sty
Package: pdftexcmds 2020-06-27 v0.33 Utility functions of pdfTeX for LuaTeX (HO)
 (c:/texlive/2023/texmf-dist/tex/generic/infwarerr/infwarerr.sty
Package: infwarerr 2019/12/03 v1.5 Providing info/warning/error messages (HO)
)
Package pdftexcmds Info: \pdf@primitive is available.
Package pdftexcmds Info: \pdf@ifprimitive is available.
Package pdftexcmds Info: \pdfdraftmode found.
) (c:/texlive/2023/texmf-dist/tex/latex/kvsetkeys/kvsetkeys.sty
Package: kvsetkeys 2022-10-05 v1.19 Key value parser (HO)
) (c:/texlive/2023/texmf-dist/tex/generic/kvdefinekeys/kvdefinekeys.sty
Package: kvdefinekeys 2019-12-19 v1.6 Define keys (HO)
) (c:/texlive/2023/texmf-dist/tex/generic/pdfescape/pdfescape.sty
Package: pdfescape 2019/12/09 v1.15 Implements pdfTeX's escape features (HO)
) (c:/texlive/2023/texmf-dist/tex/latex/hycolor/hycolor.sty
Package: hycolor 2020-01-27 v1.10 Color options for hyperref/bookmark (HO)
) (c:/texlive/2023/texmf-dist/tex/latex/letltxmacro/letltxmacro.sty
Package: letltxmacro 2019/12/03 v1.6 Let assignment for LaTeX macros (HO)
) (c:/texlive/2023/texmf-dist/tex/latex/auxhook/auxhook.sty
Package: auxhook 2019-12-17 v1.6 Hooks for auxiliary files (HO)
) (c:/texlive/2023/texmf-dist/tex/latex/hyperref/nameref.sty
Package: nameref 2023-08-07 v2.53 Cross-referencing by name of section
 (c:/texlive/2023/texmf-dist/tex/latex/refcount/refcount.sty
Package: refcount 2019/12/15 v3.6 Data extraction from label references (HO)
) (c:/texlive/2023/texmf-dist/tex/generic/gettitlestring/gettitlestring.sty
Package: gettitlestring 2019/12/15 v1.6 Cleanup title references (HO)
 (c:/texlive/2023/texmf-dist/tex/latex/kvoptions/kvoptions.sty
Package: kvoptions 2022-06-15 v3.15 Key value format for package options (HO)
))
\c@section@level=\count275
) (c:/texlive/2023/texmf-dist/tex/latex/etoolbox/etoolbox.sty
Package: etoolbox 2020/10/05 v2.5k e-TeX tools for LaTeX (JAW)
\etb@tempcnta=\count276
)
\@linkdim=\dimen160
\Hy@linkcounter=\count277
\Hy@pagecounter=\count278
 (c:/texlive/2023/texmf-dist/tex/latex/hyperref/pd1enc.def
File: pd1enc.def 2023-07-08 v7.01b Hyperref: PDFDocEncoding definition (HO)
Now handling font encoding PD1 ...
... no UTF-8 mapping file for font encoding PD1
) (c:/texlive/2023/texmf-dist/tex/generic/intcalc/intcalc.sty
Package: intcalc 2019/12/15 v1.3 Expandable calculations with integers (HO)
)
\Hy@SavedSpaceFactor=\count279
 (c:/texlive/2023/texmf-dist/tex/latex/hyperref/puenc.def
File: puenc.def 2023-07-08 v7.01b Hyperref: PDF Unicode definition (HO)
Now handling font encoding PU ...
... no UTF-8 mapping file for font encoding PU
)
Package hyperref Info: Hyper figures OFF on input line 4167.
Package hyperref Info: Link nesting OFF on input line 4172.
Package hyperref Info: Hyper index ON on input line 4175.
Package hyperref Info: Plain pages OFF on input line 4182.
Package hyperref Info: Backreferencing OFF on input line 4187.
Package hyperref Info: Implicit mode ON; LaTeX internals redefined.
Package hyperref Info: Bookmarks ON on input line 4434.
\c@Hy@tempcnt=\count280
 (c:/texlive/2023/texmf-dist/tex/latex/url/url.sty
\Urlmuskip=\muskip17
Package: url 2013/09/16  ver 3.4  Verb mode for urls, etc.
)
LaTeX Info: Redefining \url on input line 4772.
\XeTeXLinkMargin=\dimen161
 (c:/texlive/2023/texmf-dist/tex/generic/bitset/bitset.sty
Package: bitset 2019/12/09 v1.3 Handle bit-vector datatype (HO)
 (c:/texlive/2023/texmf-dist/tex/generic/bigintcalc/bigintcalc.sty
Package: bigintcalc 2019/12/15 v1.5 Expandable calculations on big integers (HO)
))
\Fld@menulength=\count281
\Field@Width=\dimen162
\Fld@charsize=\dimen163
Package hyperref Info: Hyper figures OFF on input line 6051.
Package hyperref Info: Link nesting OFF on input line 6056.
Package hyperref Info: Hyper index ON on input line 6059.
Package hyperref Info: backreferencing OFF on input line 6066.
Package hyperref Info: Link coloring OFF on input line 6071.
Package hyperref Info: Link coloring with OCG OFF on input line 6076.
Package hyperref Info: PDF/A mode OFF on input line 6081.
 (c:/texlive/2023/texmf-dist/tex/latex/base/atbegshi-ltx.sty
Package: atbegshi-ltx 2021/01/10 v1.0c Emulation of the original atbegshi
package with kernel methods
)
\Hy@abspage=\count282
\c@Item=\count283
\c@Hfootnote=\count284
)
Package hyperref Info: Driver (autodetected): hpdftex.
 (c:/texlive/2023/texmf-dist/tex/latex/hyperref/hpdftex.def
File: hpdftex.def 2023-07-08 v7.01b Hyperref driver for pdfTeX
 (c:/texlive/2023/texmf-dist/tex/latex/base/atveryend-ltx.sty
Package: atveryend-ltx 2020/08/19 v1.0a Emulation of the original atveryend package
with kernel methods
)
\Fld@listcount=\count285
\c@bookmark@seq@number=\count286
 (c:/texlive/2023/texmf-dist/tex/latex/rerunfilecheck/rerunfilecheck.sty
Package: rerunfilecheck 2022-07-10 v1.10 Rerun checks for auxiliary files (HO)
 (c:/texlive/2023/texmf-dist/tex/generic/uniquecounter/uniquecounter.sty
Package: uniquecounter 2019/12/15 v1.4 Provide unlimited unique counter (HO)
)
Package uniquecounter Info: New unique counter `rerunfilecheck' on input line 285.
)
\Hy@SectionHShift=\skip53
) (c:/texlive/2023/texmf-dist/tex/generic/ulem/ulem.sty
\UL@box=\box53
\UL@hyphenbox=\box54
\UL@skip=\skip54
\UL@hook=\toks27
\UL@height=\dimen164
\UL@pe=\count287
\UL@pixel=\dimen165
\ULC@box=\box55
Package: ulem 2019/11/18
\ULdepth=\dimen166
) (c:/texlive/2023/texmf-dist/tex/latex/exercise/exercise.sty
Package: exercise 2014/10/20 v1.6 Exercise package (P.Pichaureau)
 (c:/texlive/2023/texmf-dist/tex/latex/base/ifthen.sty
Package: ifthen 2022/04/13 v1.1d Standard LaTeX ifthen package (DPC)
)
\ExerciseSkipBefore=\skip55
\ExerciseSkipAfter=\skip56
\AnswerSkipBefore=\skip57
\AnswerSkipAfter=\skip58
\Exesep=\skip59
\Exetopsep=\skip60
\Exeparsep=\skip61
\Exepartopsep=\skip62
\Exeleftmargin=\skip63
\Exerightmargin=\skip64
\Exelabelwidth=\skip65
\Exelabelsep=\skip66
\ExerciseBefore=\skip67
\QuestionBefore=\skip68
\subQuestionBefore=\skip69
\subsubQuestionBefore=\skip70
\QuestionIndent=\skip71
\subQuestionIndent=\skip72
\subsubQuestionIndent=\skip73
\c@Exercise=\count288
\c@Answer=\count289
\c@ExePart=\count290
\c@Question=\count291
\c@subQuestion=\count292
\c@subsubQuestion=\count293
\c@savedQuestion=\count294
\c@savedsubQuestion=\count295
\c@savedsubsubQuestion=\count296
\@QuestionLevel=\count297
\@Exercisebox=\box56
\all@Exercisebox=\box57
\temp@Exercisebox=\box58
\all@Answerbox=\box59
\temp@Answerbox=\box60
\ExerciseDifficulty=\count298
\QuestionDifficulty=\count299
\subQuestionDifficulty=\count300
\subsubQuestionDifficulty=\count301
\ExePartDifficulty=\count302
\@Answerbox=\box61
\colonnesLevel=\count303
\tempskipa=\skip74
\tempskipb=\skip75
\@savedmathindent=\skip76
) (c:/texlive/2023/texmf-dist/tex/latex/tikz-feynman/tikz-feynman.sty
Package: tikz-feynman 2016/02/05v1.1.0Feynman diagrams with TikZ
 (c:/texlive/2023/texmf-dist/tex/latex/pgf/frontendlayer/tikz.sty (c:/texlive/2023/texmf-dist/tex/latex/pgf/basiclayer/pgf.sty (c:/texlive/2023/texmf-dist/tex/latex/pgf/utilities/pgfrcs.sty (c:/texlive/2023/texmf-dist/tex/generic/pgf/utilities/pgfutil-common.tex
\pgfutil@everybye=\toks28
\pgfutil@tempdima=\dimen167
\pgfutil@tempdimb=\dimen168
) (c:/texlive/2023/texmf-dist/tex/generic/pgf/utilities/pgfutil-latex.def
\pgfutil@abb=\box62
) (c:/texlive/2023/texmf-dist/tex/generic/pgf/utilities/pgfrcs.code.tex (c:/texlive/2023/texmf-dist/tex/generic/pgf/pgf.revision.tex)
Package: pgfrcs 2023-01-15 v3.1.10 (3.1.10)
))
Package: pgf 2023-01-15 v3.1.10 (3.1.10)
 (c:/texlive/2023/texmf-dist/tex/latex/pgf/basiclayer/pgfcore.sty (c:/texlive/2023/texmf-dist/tex/latex/pgf/systemlayer/pgfsys.sty (c:/texlive/2023/texmf-dist/tex/generic/pgf/systemlayer/pgfsys.code.tex
Package: pgfsys 2023-01-15 v3.1.10 (3.1.10)
 (c:/texlive/2023/texmf-dist/tex/generic/pgf/utilities/pgfkeys.code.tex
\pgfkeys@pathtoks=\toks29
\pgfkeys@temptoks=\toks30
 (c:/texlive/2023/texmf-dist/tex/generic/pgf/utilities/pgfkeyslibraryfiltered.code.tex
\pgfkeys@tmptoks=\toks31
))
\pgf@x=\dimen169
\pgf@y=\dimen170
\pgf@xa=\dimen171
\pgf@ya=\dimen172
\pgf@xb=\dimen173
\pgf@yb=\dimen174
\pgf@xc=\dimen175
\pgf@yc=\dimen176
\pgf@xd=\dimen177
\pgf@yd=\dimen178
\w@pgf@writea=\write3
\r@pgf@reada=\read2
\c@pgf@counta=\count304
\c@pgf@countb=\count305
\c@pgf@countc=\count306
\c@pgf@countd=\count307
\t@pgf@toka=\toks32
\t@pgf@tokb=\toks33
\t@pgf@tokc=\toks34
\pgf@sys@id@count=\count308
 (c:/texlive/2023/texmf-dist/tex/generic/pgf/systemlayer/pgf.cfg
File: pgf.cfg 2023-01-15 v3.1.10 (3.1.10)
)
Driver file for pgf: pgfsys-pdftex.def
 (c:/texlive/2023/texmf-dist/tex/generic/pgf/systemlayer/pgfsys-pdftex.def
File: pgfsys-pdftex.def 2023-01-15 v3.1.10 (3.1.10)
 (c:/texlive/2023/texmf-dist/tex/generic/pgf/systemlayer/pgfsys-common-pdf.def
File: pgfsys-common-pdf.def 2023-01-15 v3.1.10 (3.1.10)
))) (c:/texlive/2023/texmf-dist/tex/generic/pgf/systemlayer/pgfsyssoftpath.code.tex
File: pgfsyssoftpath.code.tex 2023-01-15 v3.1.10 (3.1.10)
\pgfsyssoftpath@smallbuffer@items=\count309
\pgfsyssoftpath@bigbuffer@items=\count310
) (c:/texlive/2023/texmf-dist/tex/generic/pgf/systemlayer/pgfsysprotocol.code.tex
File: pgfsysprotocol.code.tex 2023-01-15 v3.1.10 (3.1.10)
)) (c:/texlive/2023/texmf-dist/tex/latex/xcolor/xcolor.sty
Package: xcolor 2022/06/12 v2.14 LaTeX color extensions (UK)
 (c:/texlive/2023/texmf-dist/tex/latex/graphics-cfg/color.cfg
File: color.cfg 2016/01/02 v1.6 sample color configuration
)
Package xcolor Info: Driver file: pdftex.def on input line 227.
LaTeX Info: Redefining \color on input line 711.
 (c:/texlive/2023/texmf-dist/tex/latex/graphics/mathcolor.ltx)
Package xcolor Info: Model `cmy' substituted by `cmy0' on input line 1353.
Package xcolor Info: Model `hsb' substituted by `rgb' on input line 1357.
Package xcolor Info: Model `RGB' extended on input line 1369.
Package xcolor Info: Model `HTML' substituted by `rgb' on input line 1371.
Package xcolor Info: Model `Hsb' substituted by `hsb' on input line 1372.
Package xcolor Info: Model `tHsb' substituted by `hsb' on input line 1373.
Package xcolor Info: Model `HSB' substituted by `hsb' on input line 1374.
Package xcolor Info: Model `Gray' substituted by `gray' on input line 1375.
Package xcolor Info: Model `wave' substituted by `hsb' on input line 1376.
) (c:/texlive/2023/texmf-dist/tex/generic/pgf/basiclayer/pgfcore.code.tex
Package: pgfcore 2023-01-15 v3.1.10 (3.1.10)
 (c:/texlive/2023/texmf-dist/tex/generic/pgf/math/pgfmath.code.tex (c:/texlive/2023/texmf-dist/tex/generic/pgf/math/pgfmathutil.code.tex) (c:/texlive/2023/texmf-dist/tex/generic/pgf/math/pgfmathparser.code.tex
\pgfmath@dimen=\dimen179
\pgfmath@count=\count311
\pgfmath@box=\box63
\pgfmath@toks=\toks35
\pgfmath@stack@operand=\toks36
\pgfmath@stack@operation=\toks37
) (c:/texlive/2023/texmf-dist/tex/generic/pgf/math/pgfmathfunctions.code.tex) (c:/texlive/2023/texmf-dist/tex/generic/pgf/math/pgfmathfunctions.basic.code.tex) (c:/texlive/2023/texmf-dist/tex/generic/pgf/math/pgfmathfunctions.trigonometric.code.tex) (c:/texlive/2023/texmf-dist/tex/generic/pgf/math/pgfmathfunctions.random.code.tex) (c:/texlive/2023/texmf-dist/tex/generic/pgf/math/pgfmathfunctions.comparison.code.tex) (c:/texlive/2023/texmf-dist/tex/generic/pgf/math/pgfmathfunctions.base.code.tex) (c:/texlive/2023/texmf-dist/tex/generic/pgf/math/pgfmathfunctions.round.code.tex) (c:/texlive/2023/texmf-dist/tex/generic/pgf/math/pgfmathfunctions.misc.code.tex) (c:/texlive/2023/texmf-dist/tex/generic/pgf/math/pgfmathfunctions.integerarithmetics.code.tex) (c:/texlive/2023/texmf-dist/tex/generic/pgf/math/pgfmathcalc.code.tex) (c:/texlive/2023/texmf-dist/tex/generic/pgf/math/pgfmathfloat.code.tex
\c@pgfmathroundto@lastzeros=\count312
)) (c:/texlive/2023/texmf-dist/tex/generic/pgf/math/pgfint.code.tex) (c:/texlive/2023/texmf-dist/tex/generic/pgf/basiclayer/pgfcorepoints.code.tex
File: pgfcorepoints.code.tex 2023-01-15 v3.1.10 (3.1.10)
\pgf@picminx=\dimen180
\pgf@picmaxx=\dimen181
\pgf@picminy=\dimen182
\pgf@picmaxy=\dimen183
\pgf@pathminx=\dimen184
\pgf@pathmaxx=\dimen185
\pgf@pathminy=\dimen186
\pgf@pathmaxy=\dimen187
\pgf@xx=\dimen188
\pgf@xy=\dimen189
\pgf@yx=\dimen190
\pgf@yy=\dimen191
\pgf@zx=\dimen192
\pgf@zy=\dimen193
) (c:/texlive/2023/texmf-dist/tex/generic/pgf/basiclayer/pgfcorepathconstruct.code.tex
File: pgfcorepathconstruct.code.tex 2023-01-15 v3.1.10 (3.1.10)
\pgf@path@lastx=\dimen194
\pgf@path@lasty=\dimen195
) (c:/texlive/2023/texmf-dist/tex/generic/pgf/basiclayer/pgfcorepathusage.code.tex
File: pgfcorepathusage.code.tex 2023-01-15 v3.1.10 (3.1.10)
\pgf@shorten@end@additional=\dimen196
\pgf@shorten@start@additional=\dimen197
) (c:/texlive/2023/texmf-dist/tex/generic/pgf/basiclayer/pgfcorescopes.code.tex
File: pgfcorescopes.code.tex 2023-01-15 v3.1.10 (3.1.10)
\pgfpic=\box64
\pgf@hbox=\box65
\pgf@layerbox@main=\box66
\pgf@picture@serial@count=\count313
) (c:/texlive/2023/texmf-dist/tex/generic/pgf/basiclayer/pgfcoregraphicstate.code.tex
File: pgfcoregraphicstate.code.tex 2023-01-15 v3.1.10 (3.1.10)
\pgflinewidth=\dimen198
) (c:/texlive/2023/texmf-dist/tex/generic/pgf/basiclayer/pgfcoretransformations.code.tex
File: pgfcoretransformations.code.tex 2023-01-15 v3.1.10 (3.1.10)
\pgf@pt@x=\dimen199
\pgf@pt@y=\dimen256
\pgf@pt@temp=\dimen257
) (c:/texlive/2023/texmf-dist/tex/generic/pgf/basiclayer/pgfcorequick.code.tex
File: pgfcorequick.code.tex 2023-01-15 v3.1.10 (3.1.10)
) (c:/texlive/2023/texmf-dist/tex/generic/pgf/basiclayer/pgfcoreobjects.code.tex
File: pgfcoreobjects.code.tex 2023-01-15 v3.1.10 (3.1.10)
) (c:/texlive/2023/texmf-dist/tex/generic/pgf/basiclayer/pgfcorepathprocessing.code.tex
File: pgfcorepathprocessing.code.tex 2023-01-15 v3.1.10 (3.1.10)
) (c:/texlive/2023/texmf-dist/tex/generic/pgf/basiclayer/pgfcorearrows.code.tex
File: pgfcorearrows.code.tex 2023-01-15 v3.1.10 (3.1.10)
\pgfarrowsep=\dimen258
) (c:/texlive/2023/texmf-dist/tex/generic/pgf/basiclayer/pgfcoreshade.code.tex
File: pgfcoreshade.code.tex 2023-01-15 v3.1.10 (3.1.10)
\pgf@max=\dimen259
\pgf@sys@shading@range@num=\count314
\pgf@shadingcount=\count315
) (c:/texlive/2023/texmf-dist/tex/generic/pgf/basiclayer/pgfcoreimage.code.tex
File: pgfcoreimage.code.tex 2023-01-15 v3.1.10 (3.1.10)
) (c:/texlive/2023/texmf-dist/tex/generic/pgf/basiclayer/pgfcoreexternal.code.tex
File: pgfcoreexternal.code.tex 2023-01-15 v3.1.10 (3.1.10)
\pgfexternal@startupbox=\box67
) (c:/texlive/2023/texmf-dist/tex/generic/pgf/basiclayer/pgfcorelayers.code.tex
File: pgfcorelayers.code.tex 2023-01-15 v3.1.10 (3.1.10)
) (c:/texlive/2023/texmf-dist/tex/generic/pgf/basiclayer/pgfcoretransparency.code.tex
File: pgfcoretransparency.code.tex 2023-01-15 v3.1.10 (3.1.10)
) (c:/texlive/2023/texmf-dist/tex/generic/pgf/basiclayer/pgfcorepatterns.code.tex
File: pgfcorepatterns.code.tex 2023-01-15 v3.1.10 (3.1.10)
) (c:/texlive/2023/texmf-dist/tex/generic/pgf/basiclayer/pgfcorerdf.code.tex
File: pgfcorerdf.code.tex 2023-01-15 v3.1.10 (3.1.10)
))) (c:/texlive/2023/texmf-dist/tex/generic/pgf/modules/pgfmoduleshapes.code.tex
File: pgfmoduleshapes.code.tex 2023-01-15 v3.1.10 (3.1.10)
\pgfnodeparttextbox=\box68
) (c:/texlive/2023/texmf-dist/tex/generic/pgf/modules/pgfmoduleplot.code.tex
File: pgfmoduleplot.code.tex 2023-01-15 v3.1.10 (3.1.10)
) (c:/texlive/2023/texmf-dist/tex/latex/pgf/compatibility/pgfcomp-version-0-65.sty
Package: pgfcomp-version-0-65 2023-01-15 v3.1.10 (3.1.10)
\pgf@nodesepstart=\dimen260
\pgf@nodesepend=\dimen261
) (c:/texlive/2023/texmf-dist/tex/latex/pgf/compatibility/pgfcomp-version-1-18.sty
Package: pgfcomp-version-1-18 2023-01-15 v3.1.10 (3.1.10)
)) (c:/texlive/2023/texmf-dist/tex/latex/pgf/utilities/pgffor.sty (c:/texlive/2023/texmf-dist/tex/latex/pgf/utilities/pgfkeys.sty (c:/texlive/2023/texmf-dist/tex/generic/pgf/utilities/pgfkeys.code.tex)) (c:/texlive/2023/texmf-dist/tex/latex/pgf/math/pgfmath.sty (c:/texlive/2023/texmf-dist/tex/generic/pgf/math/pgfmath.code.tex)) (c:/texlive/2023/texmf-dist/tex/generic/pgf/utilities/pgffor.code.tex
Package: pgffor 2023-01-15 v3.1.10 (3.1.10)
\pgffor@iter=\dimen262
\pgffor@skip=\dimen263
\pgffor@stack=\toks38
\pgffor@toks=\toks39
)) (c:/texlive/2023/texmf-dist/tex/generic/pgf/frontendlayer/tikz/tikz.code.tex
Package: tikz 2023-01-15 v3.1.10 (3.1.10)
 (c:/texlive/2023/texmf-dist/tex/generic/pgf/libraries/pgflibraryplothandlers.code.tex
File: pgflibraryplothandlers.code.tex 2023-01-15 v3.1.10 (3.1.10)
\pgf@plot@mark@count=\count316
\pgfplotmarksize=\dimen264
)
\tikz@lastx=\dimen265
\tikz@lasty=\dimen266
\tikz@lastxsaved=\dimen267
\tikz@lastysaved=\dimen268
\tikz@lastmovetox=\dimen269
\tikz@lastmovetoy=\dimen270
\tikzleveldistance=\dimen271
\tikzsiblingdistance=\dimen272
\tikz@figbox=\box69
\tikz@figbox@bg=\box70
\tikz@tempbox=\box71
\tikz@tempbox@bg=\box72
\tikztreelevel=\count317
\tikznumberofchildren=\count318
\tikznumberofcurrentchild=\count319
\tikz@fig@count=\count320
 (c:/texlive/2023/texmf-dist/tex/generic/pgf/modules/pgfmodulematrix.code.tex
File: pgfmodulematrix.code.tex 2023-01-15 v3.1.10 (3.1.10)
\pgfmatrixcurrentrow=\count321
\pgfmatrixcurrentcolumn=\count322
\pgf@matrix@numberofcolumns=\count323
)
\tikz@expandcount=\count324
 (c:/texlive/2023/texmf-dist/tex/generic/pgf/frontendlayer/tikz/libraries/tikzlibrarytopaths.code.tex
File: tikzlibrarytopaths.code.tex 2023-01-15 v3.1.10 (3.1.10)
))) (c:/texlive/2023/texmf-dist/tex/generic/iftex/ifluatex.sty
Package: ifluatex 2019/10/25 v1.5 ifluatex legacy package. Use iftex instead.
) (c:/texlive/2023/texmf-dist/tex/latex/pgfopts/pgfopts.sty
Package: pgfopts 2014/07/10 v2.1a LaTeX package options with pgfkeys
\pgfopts@list@add@a@toks=\toks40
\pgfopts@list@add@b@toks=\toks41
) (c:/texlive/2023/texmf-dist/tex/latex/tikz-feynman/tikzlibraryfeynman.code.tex (c:/texlive/2023/texmf-dist/tex/generic/pgf/libraries/pgflibraryarrows.meta.code.tex
File: pgflibraryarrows.meta.code.tex 2023-01-15 v3.1.10 (3.1.10)
\pgfarrowinset=\dimen273
\pgfarrowlength=\dimen274
\pgfarrowwidth=\dimen275
\pgfarrowlinewidth=\dimen276
) (c:/texlive/2023/texmf-dist/tex/generic/pgf/frontendlayer/tikz/libraries/tikzlibrarycalc.code.tex
File: tikzlibrarycalc.code.tex 2023-01-15 v3.1.10 (3.1.10)
) (c:/texlive/2023/texmf-dist/tex/generic/pgf/frontendlayer/tikz/libraries/tikzlibrarydecorations.code.tex (c:/texlive/2023/texmf-dist/tex/generic/pgf/modules/pgfmoduledecorations.code.tex
\pgfdecoratedcompleteddistance=\dimen277
\pgfdecoratedremainingdistance=\dimen278
\pgfdecoratedinputsegmentcompleteddistance=\dimen279
\pgfdecoratedinputsegmentremainingdistance=\dimen280
\pgf@decorate@distancetomove=\dimen281
\pgf@decorate@repeatstate=\count325
\pgfdecorationsegmentamplitude=\dimen282
\pgfdecorationsegmentlength=\dimen283
)
\tikz@lib@dec@box=\box73
) (c:/texlive/2023/texmf-dist/tex/generic/pgf/frontendlayer/tikz/libraries/tikzlibrarydecorations.markings.code.tex (c:/texlive/2023/texmf-dist/tex/generic/pgf/libraries/decorations/pgflibrarydecorations.markings.code.tex)) (c:/texlive/2023/texmf-dist/tex/generic/pgf/frontendlayer/tikz/libraries/tikzlibrarydecorations.pathmorphing.code.tex (c:/texlive/2023/texmf-dist/tex/generic/pgf/libraries/decorations/pgflibrarydecorations.pathmorphing.code.tex)) (c:/texlive/2023/texmf-dist/tex/generic/pgf/frontendlayer/tikz/libraries/tikzlibrarydecorations.pathreplacing.code.tex (c:/texlive/2023/texmf-dist/tex/generic/pgf/libraries/decorations/pgflibrarydecorations.pathreplacing.code.tex))
(c:/texlive/2023/texmf-dist/tex/generic/pgf/frontendlayer/tikz/libraries/graphs/tikzlibrarygraphs.code.tex
File: tikzlibrarygraphs.code.tex 2023-01-15 v3.1.10 (3.1.10)
\tikz@lib@auto@number=\count326
\tikz@qnode@count=\count327
) (c:/texlive/2023/texmf-dist/tex/generic/pgf/frontendlayer/tikz/libraries/tikzlibrarypatterns.code.tex
File: tikzlibrarypatterns.code.tex 2023-01-15 v3.1.10 (3.1.10)
 (c:/texlive/2023/texmf-dist/tex/generic/pgf/libraries/pgflibrarypatterns.code.tex
File: pgflibrarypatterns.code.tex 2023-01-15 v3.1.10 (3.1.10)
)) (c:/texlive/2023/texmf-dist/tex/generic/pgf/frontendlayer/tikz/libraries/tikzlibrarypositioning.code.tex
File: tikzlibrarypositioning.code.tex 2023-01-15 v3.1.10 (3.1.10)
) (c:/texlive/2023/texmf-dist/tex/generic/pgf/frontendlayer/tikz/libraries/tikzlibraryshapes.geometric.code.tex
File: tikzlibraryshapes.geometric.code.tex 2023-01-15 v3.1.10 (3.1.10)
 (c:/texlive/2023/texmf-dist/tex/generic/pgf/libraries/shapes/pgflibraryshapes.geometric.code.tex
File: pgflibraryshapes.geometric.code.tex 2023-01-15 v3.1.10 (3.1.10)
)) (c:/texlive/2023/texmf-dist/tex/latex/tikz-feynman/tikzfeynman.keys.code.tex))) (c:/texlive/2023/texmf-dist/tex/latex/feynmp-auto/feynmp-auto.sty
Package: feynmp-auto 2013/05/03 v1.1 Automatic processing of feynmp graphics
 (c:/texlive/2023/texmf-dist/tex/latex/feynmf/feynmp.sty
Package: feynmp 1996/12/02 v1.08 LaTeX/MetaPost Feynman Diagram Package (ohl)
\@outfmf=\write4
\fmfbuf@=\toks42
\c@fmfgraph=\count328
) (c:/texlive/2023/texmf-dist/tex/generic/iftex/ifpdf.sty
Package: ifpdf 2019/10/25 v3.4 ifpdf legacy package. Use iftex instead.
) (c:/texlive/2023/texmf-dist/tex/generic/iftex/ifxetex.sty
Package: ifxetex 2019/10/25 v0.7 ifxetex legacy package. Use iftex instead.
))
\c@excount=\count329
 (c:/texlive/2023/texmf-dist/tex/latex/l3backend/l3backend-pdftex.def
File: l3backend-pdftex.def 2023-04-19 L3 backend support: PDF output (pdfTeX)
\l__color_backend_stack_int=\count330
\l__pdf_internal_box=\box74
) (./notes.aux)
\openout1 = `notes.aux'.

LaTeX Font Info:    Checking defaults for OML/cmm/m/it on input line 70.
LaTeX Font Info:    ... okay on input line 70.
LaTeX Font Info:    Checking defaults for OMS/cmsy/m/n on input line 70.
LaTeX Font Info:    ... okay on input line 70.
LaTeX Font Info:    Checking defaults for OT1/cmr/m/n on input line 70.
LaTeX Font Info:    ... okay on input line 70.
LaTeX Font Info:    Checking defaults for T1/cmr/m/n on input line 70.
LaTeX Font Info:    ... okay on input line 70.
LaTeX Font Info:    Checking defaults for TS1/cmr/m/n on input line 70.
LaTeX Font Info:    ... okay on input line 70.
LaTeX Font Info:    Checking defaults for OMX/cmex/m/n on input line 70.
LaTeX Font Info:    ... okay on input line 70.
LaTeX Font Info:    Checking defaults for U/DSSerif/m/n on input line 70.
LaTeX Font Info:    ... okay on input line 70.
LaTeX Font Info:    Checking defaults for PD1/pdf/m/n on input line 70.
LaTeX Font Info:    ... okay on input line 70.
LaTeX Font Info:    Checking defaults for PU/pdf/m/n on input line 70.
LaTeX Font Info:    ... okay on input line 70.
Package caption Info: Begin \AtBeginDocument code.
Package caption Info: hyperref package is loaded.
Package caption Info: End \AtBeginDocument code.
 (c:/texlive/2023/texmf-dist/tex/context/base/mkii/supp-pdf.mkii
[Loading MPS to PDF converter (version 2006.09.02).]
\scratchcounter=\count331
\scratchdimen=\dimen284
\scratchbox=\box75
\nofMPsegments=\count332
\nofMParguments=\count333
\everyMPshowfont=\toks43
\MPscratchCnt=\count334
\MPscratchDim=\dimen285
\MPnumerator=\count335
\makeMPintoPDFobject=\count336
\everyMPtoPDFconversion=\toks44
) (c:/texlive/2023/texmf-dist/tex/latex/epstopdf-pkg/epstopdf-base.sty
Package: epstopdf-base 2020-01-24 v2.11 Base part for package epstopdf
Package epstopdf-base Info: Redefining graphics rule for `.eps' on input line 485.
 (c:/texlive/2023/texmf-dist/tex/latex/latexconfig/epstopdf-sys.cfg
File: epstopdf-sys.cfg 2010/07/13 v1.3 Configuration of (r)epstopdf for TeX Live
))
Package hyperref Info: Link coloring OFF on input line 70.
 (./notes.out) (./notes.out)
\@outlinefile=\write5
\openout5 = `notes.out'.



Package tikz-feynman Warning: LuaTeX is required if you wish to have vertices automatically placed. You can disable this warning by setting /tikzfeynman/warn luatex=false on input line 70.

LaTeX Font Info:    Trying to load font information for U+msa on input line 75.
(c:/texlive/2023/texmf-dist/tex/latex/amsfonts/umsa.fd
File: umsa.fd 2013/01/14 v3.01 AMS symbols A
)
LaTeX Font Info:    Trying to load font information for U+msb on input line 75.
 (c:/texlive/2023/texmf-dist/tex/latex/amsfonts/umsb.fd
File: umsb.fd 2013/01/14 v3.01 AMS symbols B
) [1


{c:/texlive/2023/texmf-var/fonts/map/pdftex/updmap/pdftex.map}] [2

] [3] [4

] (./notes.toc [5] [6])
\tf@toc=\write6
\openout6 = `notes.toc'.

 [7] [8

] (./groups.tex [1] [2

]
Chapter 1.

Underfull \vbox (badness 10000) has occurred while \output is active []

 [3]
LaTeX Font Info:    Font shape `U/DSSerif/m/n' will be
(Font)              scaled to size 10.95pt on input line 30.
LaTeX Font Info:    Font shape `U/DSSerif/m/n' will be
(Font)              scaled to size 8.0pt on input line 30.
LaTeX Font Info:    Font shape `U/DSSerif/m/n' will be
(Font)              scaled to size 6.0pt on input line 30.
LaTeX Font Info:    Font shape `U/DSSerif/m/n' will be
(Font)              scaled to size 9.0pt on input line 30.
LaTeX Font Info:    Font shape `U/DSSerif/m/n' will be
(Font)              scaled to size 5.0pt on input line 30.
 [4]
Underfull \hbox (badness 10000) in paragraph at lines 67--70

 []

[5] [6]
pdfTeX warning (ext4): destination with the same identifier (name{equation.1.2.1}) has been already used, duplicate ignored
<to be read again> 
                   \relax 
l.101 \begin{equation}
                      
pdfTeX warning (ext4): destination with the same identifier (name{equation.1.2.1}) has been already used, duplicate ignored
<to be read again> 
                   \relax 
l.101 \begin{equation}
                      
pdfTeX warning (ext4): destination with the same identifier (name{equation.1.2.1}) has been already used, duplicate ignored
<to be read again> 
                   \relax 
l.101 \begin{equation}
                      
pdfTeX warning (ext4): destination with the same identifier (name{equation.1.2.1}) has been already used, duplicate ignored
<to be read again> 
                   \relax 
l.101 \begin{equation}
                       [7]
LaTeX Font Info:    Font shape `U/DSSerif/m/n' will be
(Font)              scaled to size 12.0pt on input line 158.


Package hyperref Warning: Token not allowed in a PDF string (Unicode):
(hyperref)                removing `math shift' on input line 158.


Package hyperref Warning: Token not allowed in a PDF string (Unicode):
(hyperref)                removing `superscript' on input line 158.


Package hyperref Warning: Token not allowed in a PDF string (Unicode):
(hyperref)                removing `math shift' on input line 158.


Underfull \hbox (badness 10000) in paragraph at lines 165--166

 []

[8]
Underfull \vbox (badness 10000) has occurred while \output is active []

 [9] [10] [11] [12] [13]
pdfTeX warning (ext4): destination with the same identifier (name{equation.1.4.4}) has been already used, duplicate ignored
<to be read again> 
                   \relax 
l.279 \begin{equation}
                      
pdfTeX warning (ext4): destination with the same identifier (name{equation.1.4.4}) has been already used, duplicate ignored
<to be read again> 
                   \relax 
l.279 \begin{equation}
                      
pdfTeX warning (ext4): destination with the same identifier (name{equation.1.4.4}) has been already used, duplicate ignored
<to be read again> 
                   \relax 
l.279 \begin{equation}
                      
pdfTeX warning (ext4): destination with the same identifier (name{equation.1.4.4}) has been already used, duplicate ignored
<to be read again> 
                   \relax 
l.279 \begin{equation}
                      
Underfull \hbox (badness 10000) in paragraph at lines 297--299

 []


Underfull \vbox (badness 7558) has occurred while \output is active []

 [14]
Underfull \hbox (badness 10000) in paragraph at lines 309--309

 []


Underfull \hbox (badness 10000) in paragraph at lines 308--310

 []

[15] [16] [17] [18] [19] [20]

Package hyperref Warning: Token not allowed in a PDF string (Unicode):
(hyperref)                removing `math shift' on input line 480.


Package hyperref Warning: Token not allowed in a PDF string (Unicode):
(hyperref)                removing `superscript' on input line 480.


Package hyperref Warning: Token not allowed in a PDF string (Unicode):
(hyperref)                removing `math shift' on input line 480.


Underfull \hbox (badness 10000) in paragraph at lines 482--484

 []


Underfull \hbox (badness 10000) in paragraph at lines 487--489

 []


Underfull \hbox (badness 10000) in paragraph at lines 491--491

 []


Underfull \hbox (badness 10000) in paragraph at lines 490--492

 []


Underfull \vbox (badness 2547) has occurred while \output is active []

 [21]
LaTeX Font Info:    Trying to load font information for U+euf on input line 508.
 (c:/texlive/2023/texmf-dist/tex/latex/amsfonts/ueuf.fd
File: ueuf.fd 2013/01/14 v3.01 Euler Fraktur
) [22] [23] [24] [25] [26] [27]
Package hyperref Info: bookmark level for unknown exercise defaults to 0 on input line 642.


Package Exercise Warning: An answer has no reference and no number on input line 647.


Package Exercise Warning: An answer has no reference and no number on input line 654.


Package Exercise Warning: An answer has no reference and no number on input line 661.


Package Exercise Warning: An answer has no reference and no number on input line 668.


Package Exercise Warning: An answer has no reference and no number on input line 677.


Package Exercise Warning: An answer has no reference and no number on input line 693.


Package Exercise Warning: An answer has no reference and no number on input line 699.

[28]

Package Exercise Warning: An answer has no reference and no number on input line 707.


Package Exercise Warning: An answer has no reference and no number on input line 718.


Package Exercise Warning: An answer has no reference and no number on input line 743.


Package Exercise Warning: An answer has no reference and no number on input line 766.


LaTeX Warning: Reference `ex:expmap_prop' on page 29 undefined on input line 782.

[29]) (./poincare.tex [30]
Chapter 2.
LaTeX Font Info:    Font shape `U/DSSerif/m/n' will be
(Font)              scaled to size 14.4pt on input line 15.
LaTeX Font Info:    Font shape `U/DSSerif/m/n' will be
(Font)              scaled to size 10.0pt on input line 15.
LaTeX Font Info:    Font shape `U/DSSerif/m/n' will be
(Font)              scaled to size 7.0pt on input line 15.

Package hyperref Warning: Token not allowed in a PDF string (Unicode):
(hyperref)                removing `math shift' on input line 15.


Package hyperref Warning: Token not allowed in a PDF string (Unicode):
(hyperref)                removing `math shift' on input line 15.

[31

] [32] [33] [34] [35] [36] [37]
Underfull \hbox (badness 10000) in paragraph at lines 200--204

 []

[38] [39] [40] [41] [42] [43]
Underfull \vbox (badness 10000) has occurred while \output is active []

 [44] [45] [46]
Underfull \vbox (badness 2173) has occurred while \output is active []

 [47]

Package hyperref Warning: Token not allowed in a PDF string (Unicode):
(hyperref)                removing `math shift' on input line 506.


Package hyperref Warning: Token not allowed in a PDF string (Unicode):
(hyperref)                removing `superscript' on input line 506.


Package hyperref Warning: Token not allowed in a PDF string (Unicode):
(hyperref)                removing `math shift' on input line 506.

[48]
Overfull \hbox (2.70465pt too wide) in paragraph at lines 510--511
[]\OT1/cmr/m/n/10.95 We saw the one-dimensional dif-fer-en-tial rep-re-sen-ta-tion of the di-la-tion op-er-a-tor that changes
 []

[49] [50] [51] [52]
Underfull \hbox (badness 10000) in paragraph at lines 651--651

 []

[53]

Package Exercise Warning: An answer has no reference and no number on input line 689.


Package Exercise Warning: An answer has no reference and no number on input line 707.


Package Exercise Warning: An answer has no reference and no number on input line 731.


Package Exercise Warning: An answer has no reference and no number on input line 757.

[54]

Package Exercise Warning: An answer has no reference and no number on input line 795.


Package Exercise Warning: An answer has no reference and no number on input line 815.


Package Exercise Warning: An answer has no reference and no number on input line 865.

) (./superspace.tex [55] [56

]
Chapter 3.
[57]
Underfull \hbox (badness 10000) in paragraph at lines 55--57

 []

[58]

LaTeX Warning: Command \textellipsis invalid in math mode on input line 82.

[59]
Underfull \hbox (badness 1769) in paragraph at lines 84--84
[][][]\OT1/cmr/m/n/9 Using that $\OML/cmm/m/it/9 P[]$ \OT1/cmr/m/n/9 com-mutes with all the other gen-er-a-tors present, as well as $[\OML/cmm/m/it/9 ^^R[]Q[]; ^^X[]Q[]\OT1/cmr/m/n/9 ] =
 []


Overfull \hbox (0.38197pt too wide) in alignment at lines 96--100
 [][][] []
 []

[60]
Underfull \hbox (badness 10000) in paragraph at lines 160--161

 []

[61]
Underfull \hbox (badness 10000) in paragraph at lines 194--200

 []

[62]
Underfull \hbox (badness 10000) in paragraph at lines 210--224

 []

[63]

Package caption Warning: The option `hypcap=true' will be ignored for this
(caption)                particular \caption on input line 255.
See the caption package documentation for explanation.

[64]

Package caption Warning: The option `hypcap=true' will be ignored for this
(caption)                particular \caption on input line 313.
See the caption package documentation for explanation.

[65] [66]

Package caption Warning: The option `hypcap=true' will be ignored for this
(caption)                particular \caption on input line 358.
See the caption package documentation for explanation.

[67]
Underfull \hbox (badness 10000) in paragraph at lines 386--393

 []

[68]

Package Exercise Warning: An answer has no reference and no number on input line 444.


Package Exercise Warning: An answer has no reference and no number on input line 462.

[69]) (./lagrangian.tex [70]
Chapter 4.
[71

] [72] [73] [74] [75] [76] [77] [78]

Package tikz-feynman Warning: The key you tried to use '/graph drawing/node distance' requires LuaTeX. It will be ignored. on input line 262.


Package tikz-feynman Warning: The key you tried to use '/graph drawing/level distance' requires LuaTeX. It will be ignored. on input line 262.


Package tikz-feynman Warning: The key you tried to use '/graph drawing/sibling distance' requires LuaTeX. It will be ignored. on input line 262.


Package tikz-feynman Warning: The key you tried to use '/graph drawing/node distance' requires LuaTeX. It will be ignored. on input line 262.


Package tikz-feynman Warning: The key you tried to use '/graph drawing/level distance' requires LuaTeX. It will be ignored. on input line 262.


Package tikz-feynman Warning: The key you tried to use '/graph drawing/sibling distance' requires LuaTeX. It will be ignored. on input line 262.


Package tikz-feynman Warning: The key you tried to use '/tikz/graphs/spring layout' requires LuaTeX. It will be ignored. on input line 262.


Package tikz-feynman Warning: The key you tried to use '/tikz/layered layout' requires LuaTeX. It will be ignored. on input line 262.


Package tikz-feynman Warning: The key you tried to use '/tikz/horizontal' requires LuaTeX. It will be ignored. on input line 262.


Package tikz-feynman Warning: The key you tried to use '/graph drawing/node distance' requires LuaTeX. It will be ignored. on input line 269.


Package tikz-feynman Warning: The key you tried to use '/graph drawing/level distance' requires LuaTeX. It will be ignored. on input line 269.


Package tikz-feynman Warning: The key you tried to use '/graph drawing/sibling distance' requires LuaTeX. It will be ignored. on input line 269.


Package tikz-feynman Warning: The key you tried to use '/tikz/graphs/spring layout' requires LuaTeX. It will be ignored. on input line 269.


Package tikz-feynman Warning: The key you tried to use '/tikz/layered layout' requires LuaTeX. It will be ignored. on input line 269.


Package tikz-feynman Warning: The key you tried to use '/tikz/horizontal' requires LuaTeX. It will be ignored. on input line 269.

[79]
Underfull \hbox (badness 10000) in paragraph at lines 356--356

 []


Underfull \hbox (badness 10000) in paragraph at lines 356--357

 []


Underfull \vbox (badness 2409) has occurred while \output is active []

 [80]

Package Exercise Warning: An answer has no reference and no number on input line 386.


Package Exercise Warning: An answer has no reference and no number on input line 487.


Overfull \hbox (6.41685pt too wide) in alignment at lines 515--521
 [][][] []
 []


Package Exercise Warning: An answer has no reference and no number on input line 554.

[81]

Package Exercise Warning: An answer has no reference and no number on input line 616.

) (./breaking.tex [82]
Chapter 5.
[83

] [84]
Underfull \hbox (badness 10000) in paragraph at lines 76--77

 []


Underfull \vbox (badness 2181) has occurred while \output is active []

 [85] [86{c:/texlive/2023/texmf-dist/fonts/enc/dvips/cm-super/cm-super-ts1.enc}]) (./mssm.tex [87] [88

]
Chapter 6.
[89] [90]

Package tikz-feynman Warning: The key you tried to use '/graph drawing/node distance' requires LuaTeX. It will be ignored. on input line 69.


Package tikz-feynman Warning: The key you tried to use '/graph drawing/level distance' requires LuaTeX. It will be ignored. on input line 69.


Package tikz-feynman Warning: The key you tried to use '/graph drawing/sibling distance' requires LuaTeX. It will be ignored. on input line 69.


Package tikz-feynman Warning: The key you tried to use '/graph drawing/node distance' requires LuaTeX. It will be ignored. on input line 69.


Package tikz-feynman Warning: The key you tried to use '/graph drawing/level distance' requires LuaTeX. It will be ignored. on input line 69.


Package tikz-feynman Warning: The key you tried to use '/graph drawing/sibling distance' requires LuaTeX. It will be ignored. on input line 69.


Package tikz-feynman Warning: The key you tried to use '/tikz/graphs/spring layout' requires LuaTeX. It will be ignored. on input line 69.


Package tikz-feynman Warning: The key you tried to use '/tikz/layered layout' requires LuaTeX. It will be ignored. on input line 69.


Package tikz-feynman Warning: The key you tried to use '/tikz/horizontal' requires LuaTeX. It will be ignored. on input line 69.


Package tikz-feynman Warning: The key you tried to use '/graph drawing/node distance' requires LuaTeX. It will be ignored. on input line 75.


Package tikz-feynman Warning: The key you tried to use '/graph drawing/level distance' requires LuaTeX. It will be ignored. on input line 75.


Package tikz-feynman Warning: The key you tried to use '/graph drawing/sibling distance' requires LuaTeX. It will be ignored. on input line 75.


Package tikz-feynman Warning: The key you tried to use '/tikz/graphs/spring layout' requires LuaTeX. It will be ignored. on input line 75.


Package tikz-feynman Warning: The key you tried to use '/graph drawing/node distance' requires LuaTeX. It will be ignored. on input line 75.


Package tikz-feynman Warning: The key you tried to use '/graph drawing/level distance' requires LuaTeX. It will be ignored. on input line 75.


Package tikz-feynman Warning: The key you tried to use '/graph drawing/sibling distance' requires LuaTeX. It will be ignored. on input line 75.


Package tikz-feynman Warning: The key you tried to use '/tikz/horizontal' requires LuaTeX. It will be ignored. on input line 75.


LaTeX Warning: `h' float specifier changed to `ht'.

[91]

LaTeX Warning: `h' float specifier changed to `ht'.

[92] [93]

LaTeX Warning: File `figures/protondecay.eps' not found on input line 185.

Package epstopdf Info: Source file: <figures/protondecay.eps>
(epstopdf)             Output file: <figures/protondecay-eps-converted-to.pdf>
(epstopdf)                    date: 2023-09-23 20:58:09
(epstopdf)                    size: 18339 bytes
(epstopdf)             Command: <repstopdf --outfile=figures/protondecay-eps-converted-to.pdf figures/protondecay.eps>
(epstopdf)             \includegraphics on input line 185.
Package epstopdf Info: Output file is already uptodate.
<figures/protondecay-eps-converted-to.pdf, id=1714, 381.425pt x 87.32625pt>
File: figures/protondecay-eps-converted-to.pdf Graphic file (type pdf)
<use figures/protondecay-eps-converted-to.pdf>
Package pdftex.def Info: figures/protondecay-eps-converted-to.pdf  used on input line 185.
(pdftex.def)             Requested size: 381.42406pt x 87.32603pt.

LaTeX Warning: `h' float specifier changed to `ht'.

[94] [95 <./figures/protondecay-eps-converted-to.pdf>] [96] [97] [98]

LaTeX Warning: File `figures/unification.eps' not found on input line 375.

Package epstopdf Info: Source file: <figures/unification.eps>
(epstopdf)             Output file: <figures/unification-eps-converted-to.pdf>
(epstopdf)                    date: 2023-09-23 20:58:09
(epstopdf)                    size: 37846 bytes
(epstopdf)             Command: <repstopdf --outfile=figures/unification-eps-converted-to.pdf figures/unification.eps>
(epstopdf)             \includegraphics on input line 375.
Package epstopdf Info: Output file is already uptodate.
<figures/unification-eps-converted-to.pdf, id=1778, 754.82pt x 614.295pt>
File: figures/unification-eps-converted-to.pdf Graphic file (type pdf)
<use figures/unification-eps-converted-to.pdf>
Package pdftex.def Info: figures/unification-eps-converted-to.pdf  used on input line 375.
(pdftex.def)             Requested size: 354.12434pt x 288.19377pt.

LaTeX Warning: `h' float specifier changed to `ht'.

[99] [100 <./figures/unification-eps-converted-to.pdf>]

LaTeX Warning: File `figures/MSSMrun.eps' not found on input line 405.

Package epstopdf Info: Source file: <figures/MSSMrun.eps>
(epstopdf)             Output file: <figures/MSSMrun-eps-converted-to.pdf>
(epstopdf)                    date: 2023-09-23 20:58:09
(epstopdf)                    size: 11202 bytes
(epstopdf)             Command: <repstopdf --outfile=figures/MSSMrun-eps-converted-to.pdf figures/MSSMrun.eps>
(epstopdf)             \includegraphics on input line 405.
Package epstopdf Info: Output file is already uptodate.
<figures/MSSMrun-eps-converted-to.pdf, id=1806, 794.97pt x 614.295pt>
File: figures/MSSMrun-eps-converted-to.pdf Graphic file (type pdf)
<use figures/MSSMrun-eps-converted-to.pdf>
Package pdftex.def Info: figures/MSSMrun-eps-converted-to.pdf  used on input line 405.
(pdftex.def)             Requested size: 354.12434pt x 273.6463pt.
[101 <./figures/MSSMrun-eps-converted-to.pdf>]
Overfull \hbox (2.15944pt too wide) in alignment at lines 434--441
 [][][] []
 []

[102] [103]
pdfTeX warning (ext4): destination with the same identifier (name{equation.6.9.32}) has been already used, duplicate ignored
<to be read again> 
                   \relax 
l.492 \begin{equation}
                      
pdfTeX warning (ext4): destination with the same identifier (name{equation.6.9.32}) has been already used, duplicate ignored
<to be read again> 
                   \relax 
l.492 \begin{equation}
                      
pdfTeX warning (ext4): destination with the same identifier (name{equation.6.9.32}) has been already used, duplicate ignored
<to be read again> 
                   \relax 
l.492 \begin{equation}
                      
pdfTeX warning (ext4): destination with the same identifier (name{equation.6.9.32}) has been already used, duplicate ignored
<to be read again> 
                   \relax 
l.492 \begin{equation}
                       [104] [105] [106]

LaTeX Warning: File `figures/gluino.eps' not found on input line 559.

Package epstopdf Info: Source file: <figures/gluino.eps>
(epstopdf)             Output file: <figures/gluino-eps-converted-to.pdf>
(epstopdf)                    date: 2023-09-23 20:58:09
(epstopdf)                    size: 35125 bytes
(epstopdf)             Command: <repstopdf --outfile=figures/gluino-eps-converted-to.pdf figures/gluino.eps>
(epstopdf)             \includegraphics on input line 559.
Package epstopdf Info: Output file is already uptodate.
<figures/gluino-eps-converted-to.pdf, id=1891, 539.01375pt x 141.52875pt>
File: figures/gluino-eps-converted-to.pdf Graphic file (type pdf)
<use figures/gluino-eps-converted-to.pdf>
Package pdftex.def Info: figures/gluino-eps-converted-to.pdf  used on input line 559.
(pdftex.def)             Requested size: 431.21158pt x 113.22314pt.
[107 <./figures/gluino-eps-converted-to.pdf>] [108] [109]
Overfull \hbox (9.00307pt too wide) in paragraph at lines 667--668
\OT1/cmr/m/n/10.95 Yukawa terms $\OML/cmm/m/it/10.95 y[]FH[]$ \OT1/cmr/m/n/10.95 in the su-per-po-ten-tial. These give La-grangian terms $\OMS/cmsy/m/n/10.95 ^^@\OML/cmm/m/it/10.95 ^^V[]H[][][]y[][][]$\OT1/cmr/m/n/10.95 .
 []

[110] [111]) (./pheno.tex [112]
Chapter 7.
<figures/structure.pdf, id=1964, 341.275pt x 70.2625pt>
File: figures/structure.pdf Graphic file (type pdf)
<use figures/structure.pdf>
Package pdftex.def Info: figures/structure.pdf  used on input line 28.
(pdftex.def)             Requested size: 341.27415pt x 70.26231pt.
<figures/SUSYB.pdf, id=1967, 524.96124pt x 118.4425pt>
File: figures/SUSYB.pdf Graphic file (type pdf)
<use figures/SUSYB.pdf>
Package pdftex.def Info: figures/SUSYB.pdf  used on input line 34.
(pdftex.def)             Requested size: 472.46075pt x 106.59724pt.

Overfull \hbox (29.807pt too wide) in paragraph at lines 34--35
 [] 
 []


LaTeX Warning: `!h' float specifier changed to `!ht'.

[113

 <./figures/structure.pdf>] [114 <./figures/SUSYB.pdf>]
<figures/GMSB.pdf, id=1997, 410.53375pt x 88.33pt>
File: figures/GMSB.pdf Graphic file (type pdf)
<use figures/GMSB.pdf>
Package pdftex.def Info: figures/GMSB.pdf  used on input line 81.
(pdftex.def)             Requested size: 328.42744pt x 70.66408pt.
 [115 <./figures/GMSB.pdf>] [116]

LaTeX Warning: File `figures/LCpp.eps' not found on input line 131.

Package epstopdf Info: Source file: <figures/LCpp.eps>
(epstopdf)             Output file: <figures/LCpp-eps-converted-to.pdf>
(epstopdf)                    date: 2023-09-23 20:58:09
(epstopdf)                    size: 21260 bytes
(epstopdf)             Command: <repstopdf --outfile=figures/LCpp-eps-converted-to.pdf figures/LCpp.eps>
(epstopdf)             \includegraphics on input line 131.
Package epstopdf Info: Output file is already uptodate.
<figures/LCpp-eps-converted-to.pdf, id=2017, 252.945pt x 116.435pt>
File: figures/LCpp-eps-converted-to.pdf Graphic file (type pdf)
<use figures/LCpp-eps-converted-to.pdf>
Package pdftex.def Info: figures/LCpp-eps-converted-to.pdf  used on input line 131.
(pdftex.def)             Requested size: 221.32687pt x 101.88214pt.

LaTeX Warning: File `figures/sleptons.eps' not found on input line 142.

Package epstopdf Info: Source file: <figures/sleptons.eps>
(epstopdf)             Output file: <figures/sleptons-eps-converted-to.pdf>
(epstopdf)                    date: 2023-09-23 20:58:09
(epstopdf)                    size: 8198 bytes
(epstopdf)             Command: <repstopdf --outfile=figures/sleptons-eps-converted-to.pdf figures/sleptons.eps>
(epstopdf)             \includegraphics on input line 142.
Package epstopdf Info: Output file is already uptodate.
<figures/sleptons-eps-converted-to.pdf, id=2019, 511.9125pt x 739.76375pt>
File: figures/sleptons-eps-converted-to.pdf Graphic file (type pdf)
<use figures/sleptons-eps-converted-to.pdf>
Package pdftex.def Info: figures/sleptons-eps-converted-to.pdf  used on input line 142.
(pdftex.def)             Requested size: 354.12434pt x 511.74692pt.
[117 <./figures/LCpp-eps-converted-to.pdf>] [118 <./figures/sleptons-eps-converted-to.pdf>]

LaTeX Warning: File `figures/Zgaugino.eps' not found on input line 171.

Package epstopdf Info: Source file: <figures/Zgaugino.eps>
(epstopdf)             Output file: <figures/Zgaugino-eps-converted-to.pdf>
(epstopdf)                    date: 2023-09-23 20:58:09
(epstopdf)                    size: 13638 bytes
(epstopdf)             Command: <repstopdf --outfile=figures/Zgaugino-eps-converted-to.pdf figures/Zgaugino.eps>
(epstopdf)             \includegraphics on input line 171.
Package epstopdf Info: Output file is already uptodate.
<figures/Zgaugino-eps-converted-to.pdf, id=2051, 175.65625pt x 102.3825pt>
File: figures/Zgaugino-eps-converted-to.pdf Graphic file (type pdf)
<use figures/Zgaugino-eps-converted-to.pdf>
Package pdftex.def Info: figures/Zgaugino-eps-converted-to.pdf  used on input line 171.
(pdftex.def)             Requested size: 175.6558pt x 102.38225pt.
[119]

LaTeX Warning: File `figures/tdiaglc.eps' not found on input line 182.

Package epstopdf Info: Source file: <figures/tdiaglc.eps>
(epstopdf)             Output file: <figures/tdiaglc-eps-converted-to.pdf>
(epstopdf)                    date: 2023-09-23 20:58:09
(epstopdf)                    size: 37334 bytes
(epstopdf)             Command: <repstopdf --outfile=figures/tdiaglc-eps-converted-to.pdf figures/tdiaglc.eps>
(epstopdf)             \includegraphics on input line 182.
Package epstopdf Info: Output file is already uptodate.
<figures/tdiaglc-eps-converted-to.pdf, id=2061, 483.8075pt x 216.81pt>
File: figures/tdiaglc-eps-converted-to.pdf Graphic file (type pdf)
<use figures/tdiaglc-eps-converted-to.pdf>
Package pdftex.def Info: figures/tdiaglc-eps-converted-to.pdf  used on input line 182.
(pdftex.def)             Requested size: 442.65375pt x 198.37589pt.
[120 <./figures/Zgaugino-eps-converted-to.pdf> <./figures/tdiaglc-eps-converted-to.pdf>] [121]
<figures/sps1a.pdf, id=2093, 418.56375pt x 270.00874pt>
File: figures/sps1a.pdf Graphic file (type pdf)
<use figures/sps1a.pdf>
Package pdftex.def Info: figures/sps1a.pdf  used on input line 231.
(pdftex.def)             Requested size: 398.38567pt x 256.98888pt.


Package tikz-feynman Warning: The key you tried to use '/graph drawing/node distance' requires LuaTeX. It will be ignored. on input line 242.


Package tikz-feynman Warning: The key you tried to use '/graph drawing/level distance' requires LuaTeX. It will be ignored. on input line 242.


Package tikz-feynman Warning: The key you tried to use '/graph drawing/sibling distance' requires LuaTeX. It will be ignored. on input line 242.


Package tikz-feynman Warning: The key you tried to use '/graph drawing/node distance' requires LuaTeX. It will be ignored. on input line 242.


Package tikz-feynman Warning: The key you tried to use '/graph drawing/level distance' requires LuaTeX. It will be ignored. on input line 242.


Package tikz-feynman Warning: The key you tried to use '/graph drawing/sibling distance' requires LuaTeX. It will be ignored. on input line 242.


Package tikz-feynman Warning: The key you tried to use '/tikz/graphs/spring layout' requires LuaTeX. It will be ignored. on input line 242.


Package tikz-feynman Warning: The key you tried to use '/tikz/layered layout' requires LuaTeX. It will be ignored. on input line 242.


Package tikz-feynman Warning: The key you tried to use '/tikz/horizontal' requires LuaTeX. It will be ignored. on input line 242.


LaTeX Warning: `h' float specifier changed to `ht'.

[122]
<figures/background.png, id=2108, 454.5783pt x 504.4446pt>
File: figures/background.png Graphic file (type png)
<use figures/background.png>
Package pdftex.def Info: figures/background.png  used on input line 268.
(pdftex.def)             Requested size: 309.85626pt x 343.85678pt.


LaTeX Warning: `!h' float specifier changed to `!ht'.


Underfull \vbox (badness 2837) has occurred while \output is active []

 [123 <./figures/sps1a.pdf>] [124]

Package tikz-feynman Warning: The key you tried to use '/graph drawing/node distance' requires LuaTeX. It will be ignored. on input line 305.


Package tikz-feynman Warning: The key you tried to use '/graph drawing/level distance' requires LuaTeX. It will be ignored. on input line 305.


Package tikz-feynman Warning: The key you tried to use '/graph drawing/sibling distance' requires LuaTeX. It will be ignored. on input line 305.


Package tikz-feynman Warning: The key you tried to use '/graph drawing/node distance' requires LuaTeX. It will be ignored. on input line 305.


Package tikz-feynman Warning: The key you tried to use '/graph drawing/level distance' requires LuaTeX. It will be ignored. on input line 305.


Package tikz-feynman Warning: The key you tried to use '/graph drawing/sibling distance' requires LuaTeX. It will be ignored. on input line 305.


Package tikz-feynman Warning: The key you tried to use '/tikz/graphs/spring layout' requires LuaTeX. It will be ignored. on input line 305.


Package tikz-feynman Warning: The key you tried to use '/tikz/layered layout' requires LuaTeX. It will be ignored. on input line 305.


Package tikz-feynman Warning: The key you tried to use '/tikz/horizontal' requires LuaTeX. It will be ignored. on input line 305.


LaTeX Warning: `h' float specifier changed to `ht'.


LaTeX Warning: File `figures/p250_OSOF_mll.eps' not found on input line 320.

Package epstopdf Info: Source file: <figures/p250_OSOF_mll.eps>
(epstopdf)             Output file: <figures/p250_OSOF_mll-eps-converted-to.pdf>
(epstopdf)                    date: 2023-09-23 20:58:09
(epstopdf)                    size: 24157 bytes
(epstopdf)             Command: <repstopdf --outfile=figures/p250_OSOF_mll-eps-converted-to.pdf figures/p250_OSOF_mll.eps>
(epstopdf)             \includegraphics on input line 320.
Package epstopdf Info: Output file is already uptodate.
<figures/p250_OSOF_mll-eps-converted-to.pdf, id=2152, 569.12625pt x 525.965pt>
File: figures/p250_OSOF_mll-eps-converted-to.pdf Graphic file (type pdf)
<use figures/p250_OSOF_mll-eps-converted-to.pdf>
Package pdftex.def Info: figures/p250_OSOF_mll-eps-converted-to.pdf  used on input line 320.
(pdftex.def)             Requested size: 354.12434pt x 327.2827pt.

LaTeX Warning: `!h' float specifier changed to `!ht'.

[125 <./figures/background.png (PNG copy)>] [126 <./figures/p250_OSOF_mll-eps-converted-to.pdf>]
<figures/mSUGRA_0lep_limit.pdf, id=2183, 569.12625pt x 385.44pt>
File: figures/mSUGRA_0lep_limit.pdf Graphic file (type pdf)
<use figures/mSUGRA_0lep_limit.pdf>
Package pdftex.def Info: figures/mSUGRA_0lep_limit.pdf  used on input line 344.
(pdftex.def)             Requested size: 398.38567pt x 269.81792pt.
<figures/gluino_limit.png, id=2187, 1987.425pt x 1938.24126pt>
File: figures/gluino_limit.png Graphic file (type png)
<use figures/gluino_limit.png>
Package pdftex.def Info: figures/gluino_limit.png  used on input line 358.
(pdftex.def)             Requested size: 216.90276pt x 211.52141pt.
<figures/squark_limit.png, id=2189, 1987.425pt x 1938.24126pt>
File: figures/squark_limit.png Graphic file (type png)
<use figures/squark_limit.png>
Package pdftex.def Info: figures/squark_limit.png  used on input line 359.
(pdftex.def)             Requested size: 216.90276pt x 211.52141pt.
 [127]
<figures/stop_limit.png, id=2198, 1987.425pt x 1436.36626pt>
File: figures/stop_limit.png Graphic file (type png)
<use figures/stop_limit.png>
Package pdftex.def Info: figures/stop_limit.png  used on input line 390.
(pdftex.def)             Requested size: 442.65375pt x 319.9028pt.
 [128 <./figures/mSUGRA_0lep_limit.pdf>]
<figures/slepton_limit.png, id=2223, 2699.08376pt x 1925.1925pt>
File: figures/slepton_limit.png Graphic file (type png)
<use figures/slepton_limit.png>
Package pdftex.def Info: figures/slepton_limit.png  used on input line 408.
(pdftex.def)             Requested size: 420.5197pt x 299.9293pt.
 [129 <./figures/gluino_limit.png> <./figures/squark_limit.png>]
<figures/chargino_neutralino_limit.png, id=2237, 1987.425pt x 1286.8075pt>
File: figures/chargino_neutralino_limit.png Graphic file (type png)
<use figures/chargino_neutralino_limit.png>
Package pdftex.def Info: figures/chargino_neutralino_limit.png  used on input line 427.
(pdftex.def)             Requested size: 398.38567pt x 257.94598pt.
 [130 <./figures/stop_limit.png>]
Underfull \vbox (badness 1484) has occurred while \output is active []

 [131 <./figures/slepton_limit.png>] [132 <./figures/chargino_neutralino_limit.png>]
<figures/higgs_mass_prediction.pdf, id=2261, 569.12625pt x 385.44pt>
File: figures/higgs_mass_prediction.pdf Graphic file (type pdf)
<use figures/higgs_mass_prediction.pdf>
Package pdftex.def Info: figures/higgs_mass_prediction.pdf  used on input line 462.
(pdftex.def)             Requested size: 442.65375pt x 299.80095pt.


LaTeX Warning: File `figures/mSUGRApre.eps' not found on input line 474.

Package epstopdf Info: Source file: <figures/mSUGRApre.eps>
(epstopdf)             Output file: <figures/mSUGRApre-eps-converted-to.pdf>
(epstopdf)                    date: 2023-09-23 20:58:09
(epstopdf)                    size: 170719 bytes
(epstopdf)             Command: <repstopdf --outfile=figures/mSUGRApre-eps-converted-to.pdf figures/mSUGRApre.eps>
(epstopdf)             \includegraphics on input line 474.
Package epstopdf Info: Output file is already uptodate.
<figures/mSUGRApre-eps-converted-to.pdf, id=2265, 1065.9825pt x 801.99625pt>
File: figures/mSUGRApre-eps-converted-to.pdf Graphic file (type pdf)
<use figures/mSUGRApre-eps-converted-to.pdf>
Package pdftex.def Info: figures/mSUGRApre-eps-converted-to.pdf  used on input line 474.
(pdftex.def)             Requested size: 309.85626pt x 233.12363pt.

LaTeX Warning: `!h' float specifier changed to `!ht'.

[133 <./figures/higgs_mass_prediction.pdf>]
<figures/MW_vs_mt.pdf, id=2286, 569.12625pt x 385.44pt>
File: figures/MW_vs_mt.pdf Graphic file (type pdf)
<use figures/MW_vs_mt.pdf>
Package pdftex.def Info: figures/MW_vs_mt.pdf  used on input line 486.
(pdftex.def)             Requested size: 376.25838pt x 254.83228pt.


LaTeX Warning: `!h' float specifier changed to `!ht'.


Package hyperref Warning: Token not allowed in a PDF string (Unicode):
(hyperref)                removing `math shift' on input line 495.


Package hyperref Warning: Token not allowed in a PDF string (Unicode):
(hyperref)                removing `subscript' on input line 495.


Package hyperref Warning: Token not allowed in a PDF string (Unicode):
(hyperref)                removing `\mu' on input line 495.


Package hyperref Warning: Token not allowed in a PDF string (Unicode):
(hyperref)                removing `math shift' on input line 495.

[134 <./figures/mSUGRApre-eps-converted-to.pdf>]

LaTeX Warning: File `figures/muonprec.eps' not found on input line 518.

Package epstopdf Info: Source file: <figures/muonprec.eps>
(epstopdf)             Output file: <figures/muonprec-eps-converted-to.pdf>
(epstopdf)                    date: 2023-09-23 20:58:09
(epstopdf)                    size: 49565 bytes
(epstopdf)             Command: <repstopdf --outfile=figures/muonprec-eps-converted-to.pdf figures/muonprec.eps>
(epstopdf)             \includegraphics on input line 518.
Package epstopdf Info: Output file is already uptodate.
<figures/muonprec-eps-converted-to.pdf, id=2305, 448.67625pt x 293.095pt>
File: figures/muonprec-eps-converted-to.pdf Graphic file (type pdf)
<use figures/muonprec-eps-converted-to.pdf>
Package pdftex.def Info: figures/muonprec-eps-converted-to.pdf  used on input line 518.
(pdftex.def)             Requested size: 448.67516pt x 293.09427pt.

Overfull \hbox (6.02141pt too wide) in paragraph at lines 518--519
 [] 
 []


LaTeX Warning: `!h' float specifier changed to `!ht'.


Package hyperref Warning: Token not allowed in a PDF string (Unicode):
(hyperref)                removing `math shift' on input line 529.


Package hyperref Warning: Token not allowed in a PDF string (Unicode):
(hyperref)                removing `\to' on input line 529.


Package hyperref Warning: Token not allowed in a PDF string (Unicode):
(hyperref)                removing `\gamma' on input line 529.


Package hyperref Warning: Token not allowed in a PDF string (Unicode):
(hyperref)                removing `math shift' on input line 529.


Underfull \vbox (badness 4193) has occurred while \output is active []

 [135 <./figures/MW_vs_mt.pdf>]

LaTeX Warning: File `figures/btosdiags.eps' not found on input line 536.

Package epstopdf Info: Source file: <figures/btosdiags.eps>
(epstopdf)             Output file: <figures/btosdiags-eps-converted-to.pdf>
(epstopdf)                    date: 2023-09-23 20:58:09
(epstopdf)                    size: 68851 bytes
(epstopdf)             Command: <repstopdf --outfile=figures/btosdiags-eps-converted-to.pdf figures/btosdiags.eps>
(epstopdf)             \includegraphics on input line 536.
Package epstopdf Info: Output file is already uptodate.
<figures/btosdiags-eps-converted-to.pdf, id=2327, 559.08875pt x 362.35374pt>
File: figures/btosdiags-eps-converted-to.pdf Graphic file (type pdf)
<use figures/btosdiags-eps-converted-to.pdf>
Package pdftex.def Info: figures/btosdiags-eps-converted-to.pdf  used on input line 536.
(pdftex.def)             Requested size: 442.65375pt x 286.90321pt.

LaTeX Warning: `!h' float specifier changed to `!ht'.

[136 <./figures/muonprec-eps-converted-to.pdf>]

Package hyperref Warning: Token not allowed in a PDF string (Unicode):
(hyperref)                removing `math shift' on input line 550.


Package hyperref Warning: Token not allowed in a PDF string (Unicode):
(hyperref)                removing `subscript' on input line 550.


Package hyperref Warning: Token not allowed in a PDF string (Unicode):
(hyperref)                removing `\to' on input line 550.


Package hyperref Warning: Token not allowed in a PDF string (Unicode):
(hyperref)                removing `\mu' on input line 550.


Package hyperref Warning: Token not allowed in a PDF string (Unicode):
(hyperref)                removing `superscript' on input line 550.


Package hyperref Warning: Token not allowed in a PDF string (Unicode):
(hyperref)                removing `\mu' on input line 550.


Package hyperref Warning: Token not allowed in a PDF string (Unicode):
(hyperref)                removing `superscript' on input line 550.


Package hyperref Warning: Token not allowed in a PDF string (Unicode):
(hyperref)                removing `math shift' on input line 550.

[137 <./figures/btosdiags-eps-converted-to.pdf>]

LaTeX Warning: File `figures/bsmudiag.eps' not found on input line 559.

Package epstopdf Info: Source file: <figures/bsmudiag.eps>
(epstopdf)             Output file: <figures/bsmudiag-eps-converted-to.pdf>
(epstopdf)                    date: 2023-09-23 20:58:09
(epstopdf)                    size: 43528 bytes
(epstopdf)             Command: <repstopdf --outfile=figures/bsmudiag-eps-converted-to.pdf figures/bsmudiag.eps>
(epstopdf)             \includegraphics on input line 559.
Package epstopdf Info: Output file is already uptodate.
<figures/bsmudiag-eps-converted-to.pdf, id=2363, 278.03876pt x 315.1775pt>
File: figures/bsmudiag-eps-converted-to.pdf Graphic file (type pdf)
<use figures/bsmudiag-eps-converted-to.pdf>
Package pdftex.def Info: figures/bsmudiag-eps-converted-to.pdf  used on input line 559.
(pdftex.def)             Requested size: 199.19283pt x 140.18796pt.

LaTeX Warning: File `figures/pmssm2.eps' not found on input line 560.

Package epstopdf Info: Source file: <figures/pmssm2.eps>
(epstopdf)             Output file: <figures/pmssm2-eps-converted-to.pdf>
(epstopdf)                    date: 2023-09-23 20:58:09
(epstopdf)                    size: 12049 bytes
(epstopdf)             Command: <repstopdf --outfile=figures/pmssm2-eps-converted-to.pdf figures/pmssm2.eps>
(epstopdf)             \includegraphics on input line 560.
Package epstopdf Info: Output file is already uptodate.
<figures/pmssm2-eps-converted-to.pdf, id=2365, 152.57pt x 177.66376pt>
File: figures/pmssm2-eps-converted-to.pdf Graphic file (type pdf)
<use figures/pmssm2-eps-converted-to.pdf>
Package pdftex.def Info: figures/pmssm2-eps-converted-to.pdf  used on input line 560.
(pdftex.def)             Requested size: 199.19283pt x 231.96318pt.
[138 <./figures/pmssm2-eps-converted-to.pdf> <./figures/bsmudiag-eps-converted-to.pdf>]
\openout4 = `feynman_qqgqq.mp'.


feynmp: File feynman_qqgqq.1 not found:
feynmp: Process feynman_qqgqq.mp with MetaPost and then reprocess this file.
feynmf: Label file feynman_qqgqq.t1 not found:
feynmf: Process feynman_qqgqq.mp with MetaPost and then reprocess this file.
runsystem(mpost feynman_qqgqq)...disabled (restricted).


Package Exercise Warning: An answer has no reference and no number on input line 628.

) (./dm.tex [139] [140

]
Chapter 8.
[141]

LaTeX Warning: File `figures/DMfit.eps' not found on input line 32.

Package epstopdf Info: Source file: <figures/DMfit.eps>
(epstopdf)             Output file: <figures/DMfit-eps-converted-to.pdf>
(epstopdf)                    date: 2023-09-23 20:58:09
(epstopdf)                    size: 56047 bytes
(epstopdf)             Command: <repstopdf --outfile=figures/DMfit-eps-converted-to.pdf figures/DMfit.eps>
(epstopdf)             \includegraphics on input line 32.
Package epstopdf Info: Output file is already uptodate.
<figures/DMfit-eps-converted-to.pdf, id=2462, 352.31625pt x 580.1675pt>
File: figures/DMfit-eps-converted-to.pdf Graphic file (type pdf)
<use figures/DMfit-eps-converted-to.pdf>
Package pdftex.def Info: figures/DMfit-eps-converted-to.pdf  used on input line 32.
(pdftex.def)             Requested size: 221.32687pt x 364.46283pt.

Overfull \hbox (31.90387pt too wide) in paragraph at lines 41--46
[][] 
 []


LaTeX Warning: `!h' float specifier changed to `!ht'.

[142 <./figures/DMfit-eps-converted-to.pdf>]

LaTeX Warning: File `figures/freezeout.eps' not found on input line 69.

Package epstopdf Info: Source file: <figures/freezeout.eps>
(epstopdf)             Output file: <figures/freezeout-eps-converted-to.pdf>
(epstopdf)                    date: 2023-09-23 20:58:09
(epstopdf)                    size: 40727 bytes
(epstopdf)             Command: <repstopdf --outfile=figures/freezeout-eps-converted-to.pdf figures/freezeout.eps>
(epstopdf)             \includegraphics on input line 69.
Package epstopdf Info: Output file is already uptodate.
<figures/freezeout-eps-converted-to.pdf, id=2486, 622.325pt x 585.18625pt>
File: figures/freezeout-eps-converted-to.pdf Graphic file (type pdf)
<use figures/freezeout-eps-converted-to.pdf>
Package pdftex.def Info: figures/freezeout-eps-converted-to.pdf  used on input line 69.
(pdftex.def)             Requested size: 398.38567pt x 374.61613pt.

LaTeX Warning: `!h' float specifier changed to `!ht'.

[143] [144 <./figures/freezeout-eps-converted-to.pdf>]

LaTeX Warning: File `figures/NeutralinoDM.eps' not found on input line 105.

Package epstopdf Info: Source file: <figures/NeutralinoDM.eps>
(epstopdf)             Output file: <figures/NeutralinoDM-eps-converted-to.pdf>
(epstopdf)                    date: 2023-09-23 20:58:09
(epstopdf)                    size: 82369 bytes
(epstopdf)             Command: <repstopdf --outfile=figures/NeutralinoDM-eps-converted-to.pdf figures/NeutralinoDM.eps>
(epstopdf)             \includegraphics on input line 105.
Package epstopdf Info: Output file is already uptodate.
<figures/NeutralinoDM-eps-converted-to.pdf, id=2514, 809.0225pt x 730.73pt>
File: figures/NeutralinoDM-eps-converted-to.pdf Graphic file (type pdf)
<use figures/NeutralinoDM-eps-converted-to.pdf>
Package pdftex.def Info: figures/NeutralinoDM-eps-converted-to.pdf  used on input line 105.
(pdftex.def)             Requested size: 442.65375pt x 399.81769pt.

LaTeX Warning: `!h' float specifier changed to `!ht'.


Underfull \vbox (badness 3557) has occurred while \output is active []

 [145] [146 <./figures/NeutralinoDM-eps-converted-to.pdf>]

LaTeX Warning: File `figures/gravterm.eps' not found on input line 144.

Package epstopdf Info: Source file: <figures/gravterm.eps>
(epstopdf)             Output file: <figures/gravterm-eps-converted-to.pdf>
(epstopdf)                    date: 2023-09-23 20:58:09
(epstopdf)                    size: 27365 bytes
(epstopdf)             Command: <repstopdf --outfile=figures/gravterm-eps-converted-to.pdf figures/gravterm.eps>
(epstopdf)             \includegraphics on input line 144.
Package epstopdf Info: Output file is already uptodate.
<figures/gravterm-eps-converted-to.pdf, id=2536, 270.00874pt x 102.3825pt>
File: figures/gravterm-eps-converted-to.pdf Graphic file (type pdf)
<use figures/gravterm-eps-converted-to.pdf>
Package pdftex.def Info: figures/gravterm-eps-converted-to.pdf  used on input line 144.
(pdftex.def)             Requested size: 270.00807pt x 102.38225pt.
[147 <./figures/gravterm-eps-converted-to.pdf>]
<figures/APPEC_si_current_limits.png, id=2551, 569.12625pt x 389.455pt>
File: figures/APPEC_si_current_limits.png Graphic file (type png)
<use figures/APPEC_si_current_limits.png>
Package pdftex.def Info: figures/APPEC_si_current_limits.png  used on input line 184.
(pdftex.def)             Requested size: 442.65375pt x 302.92387pt.
 [148] [149 <./figures/APPEC_si_current_limits.png>]

LaTeX Warning: File `figures/FERMI_dSph_bb.eps' not found on input line 214.

Package epstopdf Info: Source file: <figures/FERMI_dSph_bb.eps>
(epstopdf)             Output file: <figures/FERMI_dSph_bb-eps-converted-to.pdf>
(epstopdf)                    date: 2023-09-23 20:58:09
(epstopdf)                    size: 274929 bytes
(epstopdf)             Command: <repstopdf --outfile=figures/FERMI_dSph_bb-eps-converted-to.pdf figures/FERMI_dSph_bb.eps>
(epstopdf)             \includegraphics on input line 214.
Package epstopdf Info: Output file is already uptodate.
<figures/FERMI_dSph_bb-eps-converted-to.pdf, id=2575, 484.81125pt x 316.18124pt>
File: figures/FERMI_dSph_bb-eps-converted-to.pdf Graphic file (type pdf)
<use figures/FERMI_dSph_bb-eps-converted-to.pdf>
Package pdftex.def Info: figures/FERMI_dSph_bb-eps-converted-to.pdf  used on input line 214.
(pdftex.def)             Requested size: 398.38567pt x 259.82994pt.
[150]
Underfull \vbox (badness 2096) has occurred while \output is active []

 [151 <./figures/FERMI_dSph_bb-eps-converted-to.pdf>]) [152]
Appendix A.
[153

] [154] [155] [156] [157] [158] [159] [160
pdfTeX warning (ext4): destination with the same identifier (name{equation.4.9.28}) has been already used, duplicate ignored
<argument> ...shipout:D \box_use:N \l_shipout_box 
                                                  \__shipout_drop_firstpage_...
l.213 
      
pdfTeX warning (ext4): destination with the same identifier (name{equation.4.9.28}) has been already used, duplicate ignored
<argument> ...shipout:D \box_use:N \l_shipout_box 
                                                  \__shipout_drop_firstpage_...
l.213 
      
pdfTeX warning (ext4): destination with the same identifier (name{equation.4.9.31}) has been already used, duplicate ignored
<argument> ...shipout:D \box_use:N \l_shipout_box 
                                                  \__shipout_drop_firstpage_...
l.213 
      
pdfTeX warning (ext4): destination with the same identifier (name{equation.4.9.32}) has been already used, duplicate ignored
<argument> ...shipout:D \box_use:N \l_shipout_box 
                                                  \__shipout_drop_firstpage_...
l.213 
      ] [161] [162] [163] [164
pdfTeX warning (ext4): destination with the same identifier (name{equation.4.9.55}) has been already used, duplicate ignored
<argument> ...shipout:D \box_use:N \l_shipout_box 
                                                  \__shipout_drop_firstpage_...
l.213 
      ] [165
pdfTeX warning (ext4): destination with the same identifier (name{equation.4.9.56}) has been already used, duplicate ignored
<argument> ...shipout:D \box_use:N \l_shipout_box 
                                                  \__shipout_drop_firstpage_...
l.213 
      
pdfTeX warning (ext4): destination with the same identifier (name{equation.4.9.57}) has been already used, duplicate ignored
<argument> ...shipout:D \box_use:N \l_shipout_box 
                                                  \__shipout_drop_firstpage_...
l.213 
      ] [166] (./notes.bbl [167] [168

] [169] [170] [171]) [172] (./notes.aux)
 ***********
LaTeX2e <2023-06-01> patch level 1
L3 programming layer <2023-08-29>
 ***********


LaTeX Warning: There were undefined references.

Package rerunfilecheck Info: File `notes.out' has not changed.
(rerunfilecheck)             Checksum: 11005E1643EE12019DC0E19B26B4E2E1;20762.
 ) 
Here is how much of TeX's memory you used:
 28510 strings out of 474928
 560811 string characters out of 5763562
 2191785 words of memory out of 5000000
 48594 multiletter control sequences out of 15000+600000
 583953 words of font info for 132 fonts, out of 8000000 for 9000
 1141 hyphenation exceptions out of 8191
 98i,17n,117p,1436b,2107s stack positions out of 10000i,1000n,20000p,200000b,200000s
<c:/texlive/2023/texmf-dist/fonts/type1/public/dsserif/DSSerif.pfb><c:/texlive/2023/texmf-dist/fonts/type1/public/amsfonts/cm/cmbx10.pfb><c:/texlive/2023/texmf-dist/fonts/type1/public/amsfonts/cm/cmbx12.pfb><c:/texlive/2023/texmf-dist/fonts/type1/public/amsfonts/cm/cmbx8.pfb><c:/texlive/2023/texmf-dist/fonts/type1/public/amsfonts/cm/cmbx9.pfb><c:/texlive/2023/texmf-dist/fonts/type1/public/amsfonts/cm/cmex10.pfb><c:/texlive/2023/texmf-dist/fonts/type1/public/amsfonts/cmextra/cmex9.pfb><c:/texlive/2023/texmf-dist/fonts/type1/public/amsfonts/cm/cmmi10.pfb><c:/texlive/2023/texmf-dist/fonts/type1/public/amsfonts/cm/cmmi12.pfb><c:/texlive/2023/texmf-dist/fonts/type1/public/amsfonts/cm/cmmi5.pfb><c:/texlive/2023/texmf-dist/fonts/type1/public/amsfonts/cm/cmmi6.pfb><c:/texlive/2023/texmf-dist/fonts/type1/public/amsfonts/cm/cmmi8.pfb><c:/texlive/2023/texmf-dist/fonts/type1/public/amsfonts/cm/cmmi9.pfb><c:/texlive/2023/texmf-dist/fonts/type1/public/amsfonts/cm/cmmib10.pfb><c:/texlive/2023/texmf-dist/fonts/type1/public/amsfonts/cmextra/cmmib9.pfb><c:/texlive/2023/texmf-dist/fonts/type1/public/amsfonts/cm/cmr10.pfb><c:/texlive/2023/texmf-dist/fonts/type1/public/amsfonts/cm/cmr12.pfb><c:/texlive/2023/texmf-dist/fonts/type1/public/amsfonts/cm/cmr17.pfb><c:/texlive/2023/texmf-dist/fonts/type1/public/amsfonts/cm/cmr5.pfb><c:/texlive/2023/texmf-dist/fonts/type1/public/amsfonts/cm/cmr6.pfb><c:/texlive/2023/texmf-dist/fonts/type1/public/amsfonts/cm/cmr8.pfb><c:/texlive/2023/texmf-dist/fonts/type1/public/amsfonts/cm/cmr9.pfb><c:/texlive/2023/texmf-dist/fonts/type1/public/amsfonts/cm/cmsl10.pfb><c:/texlive/2023/texmf-dist/fonts/type1/public/amsfonts/cm/cmsy10.pfb><c:/texlive/2023/texmf-dist/fonts/type1/public/amsfonts/cm/cmsy6.pfb><c:/texlive/2023/texmf-dist/fonts/type1/public/amsfonts/cm/cmsy8.pfb><c:/texlive/2023/texmf-dist/fonts/type1/public/amsfonts/cm/cmsy9.pfb><c:/texlive/2023/texmf-dist/fonts/type1/public/amsfonts/cm/cmti10.pfb><c:/texlive/2023/texmf-dist/fonts/type1/public/amsfonts/cm/cmti7.pfb><c:/texlive/2023/texmf-dist/fonts/type1/public/amsfonts/cm/cmti8.pfb><c:/texlive/2023/texmf-dist/fonts/type1/public/amsfonts/cm/cmti9.pfb><c:/texlive/2023/texmf-dist/fonts/type1/public/amsfonts/cm/cmtt10.pfb><c:/texlive/2023/texmf-dist/fonts/type1/public/amsfonts/cm/cmtt9.pfb><c:/texlive/2023/texmf-dist/fonts/type1/public/amsfonts/euler/eufm10.pfb><c:/texlive/2023/texmf-dist/fonts/type1/public/mathpazo/fplmri.pfb><c:/texlive/2023/texmf-dist/fonts/type1/public/fpl/fplrc8a.pfb><c:/texlive/2023/texmf-dist/fonts/type1/public/amsfonts/symbols/msam10.pfb><c:/texlive/2023/texmf-dist/fonts/type1/public/amsfonts/symbols/msbm10.pfb><c:/texlive/2023/texmf-dist/fonts/type1/public/cm-super/sfrm1095.pfb><c:/texlive/2023/texmf-dist/fonts/type1/public/cm-super/sfti1095.pfb><c:/texlive/2023/texmf-dist/fonts/type1/urw/palatino/uplr8a.pfb><c:/texlive/2023/texmf-dist/fonts/type1/urw/palatino/uplri8a.pfb>
Output written on notes.pdf (180 pages, 3700379 bytes).
PDF statistics:
 3100 PDF objects out of 3580 (max. 8388607)
 2687 compressed objects within 27 object streams
 859 named destinations out of 1000 (max. 500000)
 1148 words of extra memory for PDF output out of 10000 (max. 10000000)

