\BOOKMARK [0][-]{chapter*.3}{\376\377\000I\000n\000t\000r\000o\000d\000u\000c\000t\000i\000o\000n}{}% 1
\BOOKMARK [0][-]{chapter.1}{\376\377\000G\000r\000o\000u\000p\000s\000\040\000a\000n\000d\000\040\000a\000l\000g\000e\000b\000r\000a\000s}{}% 2
\BOOKMARK [1][-]{section.1.1}{\376\377\000G\000r\000o\000u\000p\000\040\000d\000e\000f\000i\000n\000i\000t\000i\000o\000n}{chapter.1}% 3
\BOOKMARK [1][-]{section.1.2}{\376\377\000M\000a\000t\000r\000i\000x\000\040\000g\000r\000o\000u\000p\000s}{chapter.1}% 4
\BOOKMARK [2][-]{subsection.1.2.1}{\376\377\000G\000e\000n\000e\000r\000a\000l\000\040\000a\000n\000d\000\040\000s\000p\000e\000c\000i\000a\000l\000\040\000l\000i\000n\000e\000a\000r\000\040\000g\000r\000o\000u\000p\000s}{section.1.2}% 5
\BOOKMARK [2][-]{subsection.1.2.2}{\376\377\000U\000n\000i\000t\000a\000r\000y\000\040\000a\000n\000d\000\040\000s\000p\000e\000c\000i\000a\000l\000\040\000u\000n\000i\000t\000a\000r\000y\000\040\000g\000r\000o\000u\000p\000s}{section.1.2}% 6
\BOOKMARK [2][-]{subsection.1.2.3}{\376\377\000O\000r\000t\000h\000o\000g\000o\000n\000a\000l\000\040\000a\000n\000d\000\040\000s\000p\000e\000c\000i\000a\000l\000\040\000o\000r\000t\000h\000o\000g\000o\000n\000a\000l\000\040\000g\000r\000o\000u\000p\000s}{section.1.2}% 7
\BOOKMARK [2][-]{subsection.1.2.4}{\376\377\000S\000y\000m\000p\000l\000e\000c\000t\000i\000c\000\040\000a\000n\000d\000\040\000c\000o\000m\000p\000a\000c\000t\000\040\000s\000y\000m\000p\000l\000e\000c\000t\000i\000c\000\040\000g\000r\000o\000u\000p\000s\000*}{section.1.2}% 8
\BOOKMARK [1][-]{section.1.3}{\376\377\000G\000r\000o\000u\000p\000\040\000p\000r\000o\000p\000e\000r\000t\000i\000e\000s}{chapter.1}% 9
\BOOKMARK [2][-]{subsection.1.3.1}{\376\377\000S\000u\000b\000g\000r\000o\000u\000p\000s}{section.1.3}% 10
\BOOKMARK [2][-]{subsection.1.3.2}{\376\377\000Q\000u\000o\000t\000i\000e\000n\000t\000\040\000g\000r\000o\000u\000p\000s}{section.1.3}% 11
\BOOKMARK [2][-]{subsection.1.3.3}{\376\377\000P\000r\000o\000d\000u\000c\000t\000\040\000g\000r\000o\000u\000p\000s}{section.1.3}% 12
\BOOKMARK [2][-]{subsection.1.3.4}{\376\377\000I\000s\000o\000m\000o\000r\000p\000h\000i\000c\000\040\000g\000r\000o\000u\000p\000s}{section.1.3}% 13
\BOOKMARK [1][-]{section.1.4}{\376\377\000R\000e\000p\000r\000e\000s\000e\000n\000t\000a\000t\000i\000o\000n\000s}{chapter.1}% 14
\BOOKMARK [2][-]{subsection.1.4.1}{\376\377\000D\000e\000f\000i\000n\000i\000t\000i\000o\000n}{section.1.4}% 15
\BOOKMARK [2][-]{subsection.1.4.2}{\376\377\000R\000e\000p\000r\000e\000s\000e\000n\000t\000a\000t\000i\000o\000n\000\040\000e\000x\000a\000m\000p\000l\000e\000s}{section.1.4}% 16
\BOOKMARK [2][-]{subsection.1.4.3}{\376\377\000I\000r\000r\000e\000d\000u\000c\000i\000b\000l\000e\000\040\000r\000e\000p\000r\000e\000s\000e\000n\000t\000a\000t\000i\000o\000n\000s}{section.1.4}% 17
\BOOKMARK [1][-]{section.1.5}{\376\377\000L\000i\000e\000\040\000g\000r\000o\000u\000p\000s}{chapter.1}% 18
\BOOKMARK [2][-]{subsection.1.5.1}{\376\377\000D\000e\000f\000i\000n\000i\000t\000i\000o\000n\000s}{section.1.5}% 19
\BOOKMARK [2][-]{subsection.1.5.2}{\376\377\000G\000e\000n\000e\000r\000a\000t\000o\000r\000s}{section.1.5}% 20
\BOOKMARK [2][-]{subsection.1.5.3}{\376\377\000S\000t\000r\000u\000c\000t\000u\000r\000e\000\040\000c\000o\000n\000s\000t\000a\000n\000t\000s}{section.1.5}% 21
\BOOKMARK [1][-]{section.1.6}{\376\377\000A\000l\000g\000e\000b\000r\000a\000s}{chapter.1}% 22
\BOOKMARK [2][-]{subsection.1.6.1}{\376\377\000N\000o\000r\000m\000e\000d\000\040\000d\000i\000v\000i\000s\000i\000o\000n\000\040\000a\000l\000g\000e\000b\000r\000a\000s\000*}{section.1.6}% 23
\BOOKMARK [1][-]{section.1.7}{\376\377\000L\000i\000e\000\040\000a\000l\000g\000e\000b\000r\000a\000s}{chapter.1}% 24
\BOOKMARK [2][-]{subsection.1.7.1}{\376\377\000R\000e\000p\000r\000e\000s\000e\000n\000t\000a\000t\000i\000o\000n\000s\000\040\000o\000f\000\040\000a\000\040\000L\000i\000e\000\040\000a\000l\000g\000e\000b\000r\000a}{section.1.7}% 25
\BOOKMARK [2][-]{subsection.1.7.2}{\376\377\000E\000x\000p\000o\000n\000e\000n\000t\000i\000a\000l\000\040\000m\000a\000p}{section.1.7}% 26
\BOOKMARK [2][-]{subsection.1.7.3}{\376\377\000A\000d\000j\000o\000i\000n\000t\000\040\000r\000e\000p\000r\000e\000s\000e\000n\000t\000a\000t\000i\000o\000n\000s}{section.1.7}% 27
\BOOKMARK [2][-]{subsection.1.7.4}{\376\377\000D\000u\000a\000l\000\040\000r\000e\000p\000r\000e\000s\000e\000n\000t\000a\000t\000i\000o\000n\000s}{section.1.7}% 28
\BOOKMARK [1][-]{section.1.8}{\376\377\000E\000x\000e\000r\000c\000i\000s\000e\000s}{chapter.1}% 29
\BOOKMARK [0][-]{chapter.2}{\376\377\000T\000h\000e\000\040\000P\000o\000i\000n\000c\000a\000r\000\351\000\040\000g\000r\000o\000u\000p\000\040\000a\000n\000d\000\040\000i\000t\000s\000\040\000e\000x\000t\000e\000n\000s\000i\000o\000n\000s}{}% 30
\BOOKMARK [1][-]{section.2.1}{\376\377\000R\000e\000p\000r\000e\000s\000e\000n\000t\000a\000t\000i\000o\000n\000s\000\040\000o\000f\000\040\000S\000U\000\050\0002\000\051}{chapter.2}% 31
\BOOKMARK [2][-]{subsection.2.1.1}{\376\377\000L\000a\000d\000d\000e\000r\000\040\000o\000p\000e\000r\000a\000t\000o\000r\000s}{section.2.1}% 32
\BOOKMARK [2][-]{subsection.2.1.2}{\376\377\000T\000h\000e\000\040\000C\000a\000s\000i\000m\000i\000r\000\040\000i\000n\000v\000a\000r\000i\000a\000n\000t}{section.2.1}% 33
\BOOKMARK [2][-]{subsection.2.1.3}{\376\377\000T\000h\000e\000\040\000l\000o\000w\000e\000s\000t\000-\000d\000i\000m\000e\000n\000s\000i\000o\000n\000a\000l\000\040\000r\000e\000p\000r\000e\000s\000e\000n\000t\000a\000t\000i\000o\000n\000s}{section.2.1}% 34
\BOOKMARK [1][-]{section.2.2}{\376\377\000T\000h\000e\000\040\000L\000o\000r\000e\000n\000t\000z\000\040\000G\000r\000o\000u\000p}{chapter.2}% 35
\BOOKMARK [1][-]{section.2.3}{\376\377\000T\000h\000e\000\040\000P\000o\000i\000n\000c\000a\000r\000\351\000\040\000g\000r\000o\000u\000p}{chapter.2}% 36
\BOOKMARK [1][-]{section.2.4}{\376\377\000I\000r\000r\000e\000d\000u\000c\000i\000b\000l\000e\000\040\000r\000e\000p\000r\000e\000s\000e\000n\000t\000a\000t\000i\000o\000n\000s\000\040\000o\000f\000\040\000t\000h\000e\000\040\000P\000o\000i\000n\000c\000a\000r\000\351\000\040\000g\000r\000o\000u\000p}{chapter.2}% 37
\BOOKMARK [1][-]{section.2.5}{\376\377\000W\000e\000y\000l\000\040\000s\000p\000i\000n\000o\000r\000s}{chapter.2}% 38
\BOOKMARK [2][-]{subsection.2.5.1}{\376\377\000U\000s\000e\000f\000u\000l\000\040\000r\000e\000l\000a\000t\000i\000o\000n\000s\000h\000i\000p\000s\000\040\000f\000o\000r\000\040\000W\000e\000y\000l\000\040\000s\000p\000i\000n\000o\000r\000s}{section.2.5}% 39
\BOOKMARK [1][-]{section.2.6}{\376\377\000T\000h\000e\000\040\000n\000o\000-\000g\000o\000\040\000t\000h\000e\000o\000r\000e\000m\000\040\000a\000n\000d\000\040\000g\000r\000a\000d\000e\000d\000\040\000L\000i\000e\000\040\000a\000l\000g\000e\000b\000r\000a\000s}{chapter.2}% 40
\BOOKMARK [1][-]{section.2.7}{\376\377\000C\000o\000n\000f\000o\000r\000m\000a\000l\000\040\000s\000y\000m\000m\000e\000t\000r\000y\000*}{chapter.2}% 41
\BOOKMARK [1][-]{section.2.8}{\376\377\000T\000h\000e\000\040\000C\000a\000s\000i\000m\000i\000r\000\040\000o\000p\000e\000r\000a\000t\000o\000r\000s\000\040\000o\000f\000\040\000t\000h\000e\000\040\000s\000u\000p\000e\000r\000-\000P\000o\000i\000n\000c\000a\000r\000\351\000\040\000a\000l\000g\000e\000b\000r\000a}{chapter.2}% 42
\BOOKMARK [1][-]{section.2.9}{\376\377\000S\000h\000o\000r\000t\000\040\000i\000n\000t\000e\000r\000l\000u\000d\000e\000\040\000o\000n\000\040\000-\000m\000a\000t\000r\000i\000c\000e\000s}{chapter.2}% 43
\BOOKMARK [1][-]{section.2.10}{\376\377\000I\000r\000r\000e\000d\000u\000c\000i\000b\000l\000e\000\040\000r\000e\000p\000r\000e\000s\000e\000n\000t\000a\000t\000i\000o\000n\000s\000\040\000o\000f\000\040\000t\000h\000e\000\040\000s\000u\000p\000e\000r\000-\000P\000o\000i\000n\000c\000a\000r\000\351\000\040\000g\000r\000o\000u\000p}{chapter.2}% 44
\BOOKMARK [2][-]{subsection.2.10.1}{\376\377\000E\000x\000a\000m\000p\000l\000e\000s\000\040\000o\000f\000\040\000i\000r\000r\000e\000d\000u\000c\000i\000b\000l\000e\000\040\000r\000e\000p\000r\000e\000s\000e\000n\000t\000a\000t\000i\000o\000n\000s}{section.2.10}% 45
\BOOKMARK [1][-]{section.2.11}{\376\377\000E\000x\000e\000r\000c\000i\000s\000e\000s}{chapter.2}% 46
\BOOKMARK [0][-]{chapter.3}{\376\377\000S\000u\000p\000e\000r\000s\000p\000a\000c\000e}{}% 47
\BOOKMARK [1][-]{section.3.1}{\376\377\000S\000u\000p\000e\000r\000s\000p\000a\000c\000e\000\040\000c\000a\000l\000c\000u\000l\000u\000s}{chapter.3}% 48
\BOOKMARK [1][-]{section.3.2}{\376\377\000S\000u\000p\000e\000r\000s\000p\000a\000c\000e\000\040\000d\000e\000f\000i\000n\000i\000t\000i\000o\000n}{chapter.3}% 49
\BOOKMARK [1][-]{section.3.3}{\376\377\000C\000o\000v\000a\000r\000i\000a\000n\000t\000\040\000d\000e\000r\000i\000v\000a\000t\000i\000v\000e\000s}{chapter.3}% 50
\BOOKMARK [1][-]{section.3.4}{\376\377\000S\000u\000p\000e\000r\000f\000i\000e\000l\000d\000s}{chapter.3}% 51
\BOOKMARK [2][-]{subsection.3.4.1}{\376\377\000S\000c\000a\000l\000a\000r\000\040\000s\000u\000p\000e\000r\000f\000i\000e\000l\000d\000s}{section.3.4}% 52
\BOOKMARK [2][-]{subsection.3.4.2}{\376\377\000V\000e\000c\000t\000o\000r\000\040\000s\000u\000p\000e\000r\000f\000i\000e\000l\000d\000s}{section.3.4}% 53
\BOOKMARK [1][-]{section.3.5}{\376\377\000S\000u\000p\000e\000r\000g\000a\000u\000g\000e}{chapter.3}% 54
\BOOKMARK [1][-]{section.3.6}{\376\377\000E\000x\000e\000r\000c\000i\000s\000e\000s}{chapter.3}% 55
\BOOKMARK [0][-]{chapter.4}{\376\377\000C\000o\000n\000s\000t\000r\000u\000c\000t\000i\000o\000n\000\040\000o\000f\000\040\000a\000\040\000l\000o\000w\000-\000e\000n\000e\000r\000g\000y\000\040\000S\000U\000S\000Y\000\040\000L\000a\000g\000r\000a\000n\000g\000i\000a\000n}{}% 56
\BOOKMARK [1][-]{section.4.1}{\376\377\000S\000u\000p\000e\000r\000s\000y\000m\000m\000e\000t\000r\000y\000\040\000i\000n\000v\000a\000r\000i\000a\000n\000t\000\040\000L\000a\000g\000r\000a\000n\000g\000i\000a\000n\000s}{chapter.4}% 57
\BOOKMARK [1][-]{section.4.2}{\376\377\000A\000l\000b\000a\000n\000i\000a\000n\000\040\000g\000a\000u\000g\000e\000\040\000t\000h\000e\000o\000r\000i\000e\000s}{chapter.4}% 58
\BOOKMARK [1][-]{section.4.3}{\376\377\000N\000o\000n\000-\000A\000b\000e\000l\000i\000a\000n\000\040\000g\000a\000u\000g\000e\000\040\000t\000h\000e\000o\000r\000i\000e\000s}{chapter.4}% 59
\BOOKMARK [1][-]{section.4.4}{\376\377\000S\000u\000p\000e\000r\000s\000y\000m\000m\000e\000t\000r\000i\000c\000\040\000f\000i\000e\000l\000d\000\040\000s\000t\000r\000e\000n\000g\000t\000h}{chapter.4}% 60
\BOOKMARK [1][-]{section.4.5}{\376\377\000T\000h\000e\000\040\000\050\000a\000l\000m\000o\000s\000t\000\051\000\040\000c\000o\000m\000p\000l\000e\000t\000e\000\040\000s\000u\000p\000e\000r\000s\000y\000m\000m\000e\000t\000r\000i\000c\000\040\000L\000a\000g\000r\000a\000n\000g\000i\000a\000n}{chapter.4}% 61
\BOOKMARK [1][-]{section.4.6}{\376\377\000F\000i\000n\000d\000i\000n\000g\000\040\000t\000h\000e\000\040\000e\000q\000u\000a\000t\000i\000o\000n\000s\000\040\000o\000f\000\040\000m\000o\000t\000i\000o\000n}{chapter.4}% 62
\BOOKMARK [1][-]{section.4.7}{\376\377\000T\000h\000e\000\040\000h\000i\000e\000r\000a\000r\000c\000h\000y\000\040\000p\000r\000o\000b\000l\000e\000m}{chapter.4}% 63
\BOOKMARK [1][-]{section.4.8}{\376\377\000V\000a\000c\000u\000u\000m\000\040\000e\000n\000e\000r\000g\000y}{chapter.4}% 64
\BOOKMARK [1][-]{section.4.9}{\376\377\000E\000x\000c\000e\000r\000c\000i\000s\000e\000s}{chapter.4}% 65
\BOOKMARK [0][-]{chapter.5}{\376\377\000B\000r\000e\000a\000k\000i\000n\000g\000\040\000s\000u\000p\000e\000r\000s\000y\000m\000m\000e\000t\000r\000y}{}% 66
\BOOKMARK [1][-]{section.5.1}{\376\377\000S\000p\000o\000n\000t\000a\000n\000e\000o\000u\000s\000\040\000s\000u\000p\000e\000r\000s\000y\000m\000m\000e\000t\000r\000y\000\040\000b\000r\000e\000a\000k\000i\000n\000g}{chapter.5}% 67
\BOOKMARK [1][-]{section.5.2}{\376\377\000S\000u\000p\000e\000r\000t\000r\000a\000c\000e}{chapter.5}% 68
\BOOKMARK [1][-]{section.5.3}{\376\377\000S\000o\000f\000t\000\040\000b\000r\000e\000a\000k\000i\000n\000g}{chapter.5}% 69
\BOOKMARK [1][-]{section.5.4}{\376\377\000E\000x\000c\000e\000r\000c\000i\000s\000e\000s}{chapter.5}% 70
\BOOKMARK [0][-]{chapter.6}{\376\377\000T\000h\000e\000\040\000M\000i\000n\000i\000m\000a\000l\000\040\000S\000u\000p\000e\000r\000s\000y\000m\000m\000e\000t\000r\000i\000c\000\040\000S\000t\000a\000n\000d\000a\000r\000d\000\040\000M\000o\000d\000e\000l}{}% 71
\BOOKMARK [1][-]{section.6.1}{\376\377\000M\000S\000S\000M\000\040\000f\000i\000e\000l\000d\000\040\000c\000o\000n\000t\000e\000n\000t}{chapter.6}% 72
\BOOKMARK [1][-]{section.6.2}{\376\377\000T\000h\000e\000\040\000k\000i\000n\000e\000t\000i\000c\000\040\000t\000e\000r\000m\000s}{chapter.6}% 73
\BOOKMARK [1][-]{section.6.3}{\376\377\000G\000a\000u\000g\000e\000\040\000t\000e\000r\000m\000s}{chapter.6}% 74
\BOOKMARK [1][-]{section.6.4}{\376\377\000T\000h\000e\000\040\000M\000S\000S\000M\000\040\000s\000u\000p\000e\000r\000p\000o\000t\000e\000n\000t\000i\000a\000l}{chapter.6}% 75
\BOOKMARK [1][-]{section.6.5}{\376\377\000R\000-\000p\000a\000r\000i\000t\000y}{chapter.6}% 76
\BOOKMARK [1][-]{section.6.6}{\376\377\000S\000u\000p\000e\000r\000s\000y\000m\000m\000e\000t\000r\000y\000\040\000b\000r\000e\000a\000k\000i\000n\000g\000\040\000t\000e\000r\000m\000s\000\040\000i\000n\000\040\000t\000h\000e\000\040\000M\000S\000S\000M}{chapter.6}% 77
\BOOKMARK [1][-]{section.6.7}{\376\377\000R\000e\000n\000o\000r\000m\000a\000l\000i\000s\000a\000t\000i\000o\000n\000\040\000g\000r\000o\000u\000p\000\040\000e\000q\000u\000a\000t\000i\000o\000n\000s}{chapter.6}% 78
\BOOKMARK [1][-]{section.6.8}{\376\377\000G\000a\000u\000g\000e\000\040\000c\000o\000u\000p\000l\000i\000n\000g\000\040\000u\000n\000i\000f\000i\000c\000a\000t\000i\000o\000n}{chapter.6}% 79
\BOOKMARK [1][-]{section.6.9}{\376\377\000R\000a\000d\000i\000a\000t\000i\000v\000e\000\040\000E\000l\000e\000c\000t\000r\000o\000w\000e\000a\000k\000\040\000S\000y\000m\000m\000e\000t\000r\000y\000\040\000B\000r\000e\000a\000k\000i\000n\000g}{chapter.6}% 80
\BOOKMARK [1][-]{section.6.10}{\376\377\000H\000i\000g\000g\000s\000\040\000b\000o\000s\000o\000n\000\040\000p\000r\000o\000p\000e\000r\000t\000i\000e\000s}{chapter.6}% 81
\BOOKMARK [1][-]{section.6.11}{\376\377\000T\000h\000e\000\040\000g\000l\000u\000i\000n\000o}{chapter.6}% 82
\BOOKMARK [1][-]{section.6.12}{\376\377\000N\000e\000u\000t\000r\000a\000l\000i\000n\000o\000s\000\040\000\046\000\040\000C\000h\000a\000r\000g\000i\000n\000o\000s}{chapter.6}% 83
\BOOKMARK [1][-]{section.6.13}{\376\377\000S\000l\000e\000p\000t\000o\000n\000s\000\040\000\046\000\040\000S\000q\000u\000a\000r\000k\000s}{chapter.6}% 84
\BOOKMARK [1][-]{section.6.14}{\376\377\000E\000x\000c\000e\000r\000c\000i\000s\000e\000s}{chapter.6}% 85
\BOOKMARK [0][-]{chapter.7}{\376\377\000S\000p\000a\000r\000t\000i\000c\000l\000e\000\040\000p\000h\000e\000n\000o\000m\000e\000n\000o\000l\000o\000g\000y}{}% 86
\BOOKMARK [1][-]{section.7.1}{\376\377\000M\000o\000d\000e\000l\000s\000\040\000f\000o\000r\000\040\000s\000u\000p\000e\000r\000s\000y\000m\000m\000e\000t\000r\000y\000\040\000b\000r\000e\000a\000k\000i\000n\000g}{chapter.7}% 87
\BOOKMARK [2][-]{subsection.7.1.1}{\376\377\000P\000l\000a\000n\000c\000k\000-\000s\000c\000a\000l\000e\000\040\000M\000e\000d\000i\000a\000t\000e\000d\000\040\000S\000u\000p\000e\000r\000s\000y\000m\000m\000e\000t\000r\000y\000\040\000B\000r\000e\000a\000k\000i\000n\000g\000\040\000\050\000P\000M\000S\000B\000\051}{section.7.1}% 88
\BOOKMARK [2][-]{subsection.7.1.2}{\376\377\000G\000a\000u\000g\000e\000\040\000M\000e\000d\000i\000a\000t\000e\000d\000\040\000S\000u\000p\000e\000r\000s\000y\000m\000m\000e\000t\000r\000y\000\040\000B\000r\000e\000a\000k\000i\000n\000g\000\040\000\050\000G\000M\000S\000B\000\051}{section.7.1}% 89
\BOOKMARK [1][-]{section.7.2}{\376\377\000S\000u\000p\000e\000r\000s\000y\000m\000m\000e\000t\000r\000y\000\040\000a\000t\000\040\000l\000e\000p\000t\000o\000n\000\040\000c\000o\000l\000l\000i\000d\000e\000r\000s}{chapter.7}% 90
\BOOKMARK [2][-]{subsection.7.2.1}{\376\377\000S\000f\000e\000r\000m\000i\000o\000n\000s}{section.7.2}% 91
\BOOKMARK [2][-]{subsection.7.2.2}{\376\377\000N\000e\000u\000t\000r\000a\000l\000i\000n\000o\000s\000\040\000\046\000\040\000c\000h\000a\000r\000g\000i\000n\000o\000s}{section.7.2}% 92
\BOOKMARK [2][-]{subsection.7.2.3}{\376\377\000H\000i\000g\000g\000s\000\040\000b\000o\000s\000o\000n\000s}{section.7.2}% 93
\BOOKMARK [2][-]{subsection.7.2.4}{\376\377\000C\000u\000r\000r\000e\000n\000t\000\040\000b\000o\000u\000n\000d\000s\000\040\000a\000t\000\040\000l\000e\000p\000t\000o\000n\000\040\000c\000o\000l\000l\000i\000d\000e\000r\000s}{section.7.2}% 94
\BOOKMARK [1][-]{section.7.3}{\376\377\000S\000u\000p\000e\000r\000s\000y\000m\000m\000e\000t\000r\000y\000\040\000a\000t\000\040\000h\000a\000d\000r\000o\000n\000\040\000c\000o\000l\000l\000i\000d\000e\000r\000s}{chapter.7}% 95
\BOOKMARK [1][-]{section.7.4}{\376\377\000C\000u\000r\000r\000e\000n\000t\000\040\000b\000o\000u\000n\000d\000s\000\040\000o\000n\000\040\000s\000p\000a\000r\000t\000i\000c\000l\000e\000\040\000m\000a\000s\000s\000e\000s}{chapter.7}% 96
\BOOKMARK [2][-]{subsection.7.4.1}{\376\377\000S\000q\000u\000a\000r\000k\000s\000\040\000a\000n\000d\000\040\000g\000l\000u\000i\000n\000o\000s}{section.7.4}% 97
\BOOKMARK [2][-]{subsection.7.4.2}{\376\377\000S\000t\000o\000p}{section.7.4}% 98
\BOOKMARK [2][-]{subsection.7.4.3}{\376\377\000S\000l\000e\000p\000t\000o\000n\000s}{section.7.4}% 99
\BOOKMARK [2][-]{subsection.7.4.4}{\376\377\000C\000h\000a\000r\000g\000i\000n\000o\000s\000\040\000a\000n\000d\000\040\000n\000e\000u\000t\000r\000a\000l\000i\000n\000o\000s}{section.7.4}% 100
\BOOKMARK [1][-]{section.7.5}{\376\377\000P\000r\000e\000c\000i\000s\000i\000o\000n\000\040\000o\000b\000s\000e\000r\000v\000a\000b\000l\000e\000s}{chapter.7}% 101
\BOOKMARK [2][-]{subsection.7.5.1}{\376\377\000E\000l\000e\000c\000t\000r\000o\000w\000e\000a\000k\000\040\000p\000r\000e\000c\000i\000s\000i\000o\000n\000\040\000o\000b\000s\000e\000r\000v\000a\000b\000l\000e\000s}{section.7.5}% 102
\BOOKMARK [2][-]{subsection.7.5.2}{\376\377\000\050\000g\000-\0002\000\051}{section.7.5}% 103
\BOOKMARK [2][-]{subsection.7.5.3}{\376\377\000b\000\040\000s}{section.7.5}% 104
\BOOKMARK [2][-]{subsection.7.5.4}{\376\377\000B\000s\000\040\000+\000-}{section.7.5}% 105
\BOOKMARK [1][-]{section.7.6}{\376\377\000E\000x\000c\000e\000r\000c\000i\000s\000e\000s}{chapter.7}% 106
\BOOKMARK [0][-]{chapter.8}{\376\377\000S\000u\000p\000e\000r\000s\000y\000m\000m\000e\000t\000r\000i\000c\000\040\000d\000a\000r\000k\000\040\000m\000a\000t\000t\000e\000r}{}% 107
\BOOKMARK [1][-]{section.8.1}{\376\377\000E\000v\000i\000d\000e\000n\000c\000e\000\040\000f\000o\000r\000\040\000d\000a\000r\000k\000\040\000m\000a\000t\000t\000e\000r}{chapter.8}% 108
\BOOKMARK [1][-]{section.8.2}{\376\377\000W\000I\000M\000P\000\040\000m\000a\000g\000i\000c}{chapter.8}% 109
\BOOKMARK [1][-]{section.8.3}{\376\377\000D\000a\000r\000k\000\040\000m\000a\000t\000t\000e\000r\000\040\000c\000a\000n\000d\000i\000d\000a\000t\000e\000s\000\040\000i\000n\000\040\000s\000u\000p\000e\000r\000s\000y\000m\000m\000e\000t\000r\000y}{chapter.8}% 110
\BOOKMARK [2][-]{subsection.8.3.1}{\376\377\000N\000e\000u\000t\000r\000a\000l\000i\000n\000o}{section.8.3}% 111
\BOOKMARK [2][-]{subsection.8.3.2}{\376\377\000S\000n\000e\000u\000t\000r\000i\000n\000o\000s}{section.8.3}% 112
\BOOKMARK [2][-]{subsection.8.3.3}{\376\377\000G\000r\000a\000v\000i\000t\000i\000n\000o}{section.8.3}% 113
\BOOKMARK [2][-]{subsection.8.3.4}{\376\377\000O\000t\000h\000e\000r\000s}{section.8.3}% 114
\BOOKMARK [1][-]{section.8.4}{\376\377\000D\000i\000r\000e\000c\000t\000\040\000d\000e\000t\000e\000c\000t\000i\000o\000n}{chapter.8}% 115
\BOOKMARK [1][-]{section.8.5}{\376\377\000I\000n\000d\000i\000r\000e\000c\000t\000\040\000d\000e\000t\000e\000c\000t\000i\000o\000n}{chapter.8}% 116
\BOOKMARK [1][-]{section.8.6}{\376\377\000E\000x\000c\000e\000r\000c\000i\000s\000e\000s}{chapter.8}% 117
\BOOKMARK [0][-]{appendix.A}{\376\377\000S\000o\000l\000u\000t\000i\000o\000n\000s\000\040\000t\000o\000\040\000e\000x\000e\000r\000c\000i\000s\000e\000s}{}% 118
